<?xml version="1.0" encoding="UTF-8"?>
<testsuite xmlns:xsi="http://www.w3.org/2001/XMLSchema-instance" xsi:noNamespaceSchemaLocation="https://maven.apache.org/surefire/maven-surefire-plugin/xsd/surefire-test-report-3.0.xsd" version="3.0" name="com.example.pokerapp.model.DealerTest" time="0.014" tests="8" errors="0" skipped="0" failures="0">
  <properties>
    <property name="java.specification.version" value="23"/>
    <property name="sun.cpu.isalist" value="amd64"/>
    <property name="sun.jnu.encoding" value="Cp1252"/>
    <property name="java.class.path" value="D:\Sistem\Users\deivvvid\eclipse-workspace\poker_tqs\target\test-classes;D:\Sistem\Users\deivvvid\eclipse-workspace\poker_tqs\target\classes;D:\Sistem\Users\deivvvid\.m2\repository\org\junit\jupiter\junit-jupiter-engine\5.8.2\junit-jupiter-engine-5.8.2.jar;D:\Sistem\Users\deivvvid\.m2\repository\org\junit\platform\junit-platform-engine\1.8.2\junit-platform-engine-1.8.2.jar;D:\Sistem\Users\deivvvid\.m2\repository\org\apiguardian\apiguardian-api\1.1.2\apiguardian-api-1.1.2.jar;D:\Sistem\Users\deivvvid\.m2\repository\org\junit\jupiter\junit-jupiter-api\5.8.2\junit-jupiter-api-5.8.2.jar;D:\Sistem\Users\deivvvid\.m2\repository\org\opentest4j\opentest4j\1.2.0\opentest4j-1.2.0.jar;D:\Sistem\Users\deivvvid\.m2\repository\org\junit\platform\junit-platform-commons\1.8.2\junit-platform-commons-1.8.2.jar;D:\Sistem\Users\deivvvid\.m2\repository\org\junit\jupiter\junit-jupiter-params\5.8.2\junit-jupiter-params-5.8.2.jar;D:\Sistem\Users\deivvvid\.m2\repository\org\mockito\mockito-core\4.0.0\mockito-core-4.0.0.jar;D:\Sistem\Users\deivvvid\.m2\repository\net\bytebuddy\byte-buddy\1.11.19\byte-buddy-1.11.19.jar;D:\Sistem\Users\deivvvid\.m2\repository\net\bytebuddy\byte-buddy-agent\1.11.19\byte-buddy-agent-1.11.19.jar;D:\Sistem\Users\deivvvid\.m2\repository\org\objenesis\objenesis\3.2\objenesis-3.2.jar;D:\Sistem\Users\deivvvid\.m2\repository\org\apache\maven\plugins\maven-checkstyle-plugin\3.1.2\maven-checkstyle-plugin-3.1.2.jar;D:\Sistem\Users\deivvvid\.m2\repository\org\apache\maven\maven-artifact\3.0\maven-artifact-3.0.jar;D:\Sistem\Users\deivvvid\.m2\repository\org\apache\maven\maven-core\3.0\maven-core-3.0.jar;D:\Sistem\Users\deivvvid\.m2\repository\org\apache\maven\maven-settings\3.0\maven-settings-3.0.jar;D:\Sistem\Users\deivvvid\.m2\repository\org\apache\maven\maven-settings-builder\3.0\maven-settings-builder-3.0.jar;D:\Sistem\Users\deivvvid\.m2\repository\org\apache\maven\maven-repository-metadata\3.0\maven-repository-metadata-3.0.jar;D:\Sistem\Users\deivvvid\.m2\repository\org\apache\maven\maven-model-builder\3.0\maven-model-builder-3.0.jar;D:\Sistem\Users\deivvvid\.m2\repository\org\apache\maven\maven-aether-provider\3.0\maven-aether-provider-3.0.jar;D:\Sistem\Users\deivvvid\.m2\repository\org\sonatype\aether\aether-impl\1.7\aether-impl-1.7.jar;D:\Sistem\Users\deivvvid\.m2\repository\org\sonatype\aether\aether-spi\1.7\aether-spi-1.7.jar;D:\Sistem\Users\deivvvid\.m2\repository\org\sonatype\aether\aether-api\1.7\aether-api-1.7.jar;D:\Sistem\Users\deivvvid\.m2\repository\org\sonatype\aether\aether-util\1.7\aether-util-1.7.jar;D:\Sistem\Users\deivvvid\.m2\repository\org\sonatype\sisu\sisu-inject-plexus\1.4.2\sisu-inject-plexus-1.4.2.jar;D:\Sistem\Users\deivvvid\.m2\repository\org\sonatype\sisu\sisu-inject-bean\1.4.2\sisu-inject-bean-1.4.2.jar;D:\Sistem\Users\deivvvid\.m2\repository\org\sonatype\sisu\sisu-guice\2.1.7\sisu-guice-2.1.7-noaop.jar;D:\Sistem\Users\deivvvid\.m2\repository\org\sonatype\plexus\plexus-sec-dispatcher\1.3\plexus-sec-dispatcher-1.3.jar;D:\Sistem\Users\deivvvid\.m2\repository\org\sonatype\plexus\plexus-cipher\1.4\plexus-cipher-1.4.jar;D:\Sistem\Users\deivvvid\.m2\repository\org\apache\maven\maven-model\3.0\maven-model-3.0.jar;D:\Sistem\Users\deivvvid\.m2\repository\org\apache\maven\maven-plugin-api\3.0\maven-plugin-api-3.0.jar;D:\Sistem\Users\deivvvid\.m2\repository\org\apache\maven\reporting\maven-reporting-api\3.0\maven-reporting-api-3.0.jar;D:\Sistem\Users\deivvvid\.m2\repository\org\apache\maven\reporting\maven-reporting-impl\2.3\maven-reporting-impl-2.3.jar;D:\Sistem\Users\deivvvid\.m2\repository\commons-validator\commons-validator\1.3.1\commons-validator-1.3.1.jar;D:\Sistem\Users\deivvvid\.m2\repository\org\apache\maven\doxia\doxia-sink-api\1.4\doxia-sink-api-1.4.jar;D:\Sistem\Users\deivvvid\.m2\repository\org\apache\maven\doxia\doxia-logging-api\1.4\doxia-logging-api-1.4.jar;D:\Sistem\Users\deivvvid\.m2\repository\org\apache\maven\doxia\doxia-decoration-model\1.4\doxia-decoration-model-1.4.jar;D:\Sistem\Users\deivvvid\.m2\repository\org\apache\maven\doxia\doxia-site-renderer\1.4\doxia-site-renderer-1.4.jar;D:\Sistem\Users\deivvvid\.m2\repository\org\apache\maven\doxia\doxia-module-xhtml\1.4\doxia-module-xhtml-1.4.jar;D:\Sistem\Users\deivvvid\.m2\repository\org\apache\maven\doxia\doxia-module-fml\1.4\doxia-module-fml-1.4.jar;D:\Sistem\Users\deivvvid\.m2\repository\org\codehaus\plexus\plexus-i18n\1.0-beta-7\plexus-i18n-1.0-beta-7.jar;D:\Sistem\Users\deivvvid\.m2\repository\org\apache\velocity\velocity-tools\2.0\velocity-tools-2.0.jar;D:\Sistem\Users\deivvvid\.m2\repository\dom4j\dom4j\1.1\dom4j-1.1.jar;D:\Sistem\Users\deivvvid\.m2\repository\oro\oro\2.0.8\oro-2.0.8.jar;D:\Sistem\Users\deivvvid\.m2\repository\sslext\sslext\1.2-0\sslext-1.2-0.jar;D:\Sistem\Users\deivvvid\.m2\repository\org\apache\struts\struts-core\1.3.8\struts-core-1.3.8.jar;D:\Sistem\Users\deivvvid\.m2\repository\org\apache\struts\struts-taglib\1.3.8\struts-taglib-1.3.8.jar;D:\Sistem\Users\deivvvid\.m2\repository\org\apache\struts\struts-tiles\1.3.8\struts-tiles-1.3.8.jar;D:\Sistem\Users\deivvvid\.m2\repository\org\apache\maven\doxia\doxia-integration-tools\1.6\doxia-integration-tools-1.6.jar;D:\Sistem\Users\deivvvid\.m2\repository\org\codehaus\plexus\plexus-component-annotations\2.0.0\plexus-component-annotations-2.0.0.jar;D:\Sistem\Users\deivvvid\.m2\repository\org\codehaus\plexus\plexus-resources\1.1.0\plexus-resources-1.1.0.jar;D:\Sistem\Users\deivvvid\.m2\repository\org\codehaus\plexus\plexus-utils\3.3.0\plexus-utils-3.3.0.jar;D:\Sistem\Users\deivvvid\.m2\repository\org\codehaus\plexus\plexus-interpolation\1.26\plexus-interpolation-1.26.jar;D:\Sistem\Users\deivvvid\.m2\repository\org\codehaus\plexus\plexus-velocity\1.2\plexus-velocity-1.2.jar;D:\Sistem\Users\deivvvid\.m2\repository\com\puppycrawl\tools\checkstyle\8.29\checkstyle-8.29.jar;D:\Sistem\Users\deivvvid\.m2\repository\info\picocli\picocli\4.1.4\picocli-4.1.4.jar;D:\Sistem\Users\deivvvid\.m2\repository\antlr\antlr\2.7.7\antlr-2.7.7.jar;D:\Sistem\Users\deivvvid\.m2\repository\org\antlr\antlr4-runtime\4.8-1\antlr4-runtime-4.8-1.jar;D:\Sistem\Users\deivvvid\.m2\repository\com\google\guava\guava\28.2-jre\guava-28.2-jre.jar;D:\Sistem\Users\deivvvid\.m2\repository\com\google\guava\failureaccess\1.0.1\failureaccess-1.0.1.jar;D:\Sistem\Users\deivvvid\.m2\repository\com\google\guava\listenablefuture\9999.0-empty-to-avoid-conflict-with-guava\listenablefuture-9999.0-empty-to-avoid-conflict-with-guava.jar;D:\Sistem\Users\deivvvid\.m2\repository\com\google\code\findbugs\jsr305\3.0.2\jsr305-3.0.2.jar;D:\Sistem\Users\deivvvid\.m2\repository\org\checkerframework\checker-qual\2.10.0\checker-qual-2.10.0.jar;D:\Sistem\Users\deivvvid\.m2\repository\com\google\errorprone\error_prone_annotations\2.3.4\error_prone_annotations-2.3.4.jar;D:\Sistem\Users\deivvvid\.m2\repository\com\google\j2objc\j2objc-annotations\1.3\j2objc-annotations-1.3.jar;D:\Sistem\Users\deivvvid\.m2\repository\net\sf\saxon\Saxon-HE\9.9.1-6\Saxon-HE-9.9.1-6.jar;D:\Sistem\Users\deivvvid\.m2\repository\org\apache\velocity\velocity\1.7\velocity-1.7.jar;D:\Sistem\Users\deivvvid\.m2\repository\commons-lang\commons-lang\2.4\commons-lang-2.4.jar;D:\Sistem\Users\deivvvid\.m2\repository\javax\xml\bind\jaxb-api\2.3.1\jaxb-api-2.3.1.jar;D:\Sistem\Users\deivvvid\.m2\repository\javax\activation\javax.activation-api\1.2.0\javax.activation-api-1.2.0.jar;D:\Sistem\Users\deivvvid\.m2\repository\org\apache\maven\plugins\maven-pmd-plugin\3.14.0\maven-pmd-plugin-3.14.0.jar;D:\Sistem\Users\deivvvid\.m2\repository\org\apache\maven\shared\maven-artifact-transfer\0.11.0\maven-artifact-transfer-0.11.0.jar;D:\Sistem\Users\deivvvid\.m2\repository\org\apache\maven\shared\maven-common-artifact-filters\3.1.0\maven-common-artifact-filters-3.1.0.jar;D:\Sistem\Users\deivvvid\.m2\repository\org\apache\commons\commons-lang3\3.8.1\commons-lang3-3.8.1.jar;D:\Sistem\Users\deivvvid\.m2\repository\net\sourceforge\pmd\pmd-core\6.29.0\pmd-core-6.29.0.jar;D:\Sistem\Users\deivvvid\.m2\repository\com\beust\jcommander\1.48\jcommander-1.48.jar;D:\Sistem\Users\deivvvid\.m2\repository\net\sourceforge\saxon\saxon\9.1.0.8\saxon-9.1.0.8.jar;D:\Sistem\Users\deivvvid\.m2\repository\com\google\code\gson\gson\2.8.5\gson-2.8.5.jar;D:\Sistem\Users\deivvvid\.m2\repository\net\sourceforge\saxon\saxon\9.1.0.8\saxon-9.1.0.8-dom.jar;D:\Sistem\Users\deivvvid\.m2\repository\net\sourceforge\pmd\pmd-java\6.29.0\pmd-java-6.29.0.jar;D:\Sistem\Users\deivvvid\.m2\repository\net\sourceforge\pmd\pmd-javascript\6.29.0\pmd-javascript-6.29.0.jar;D:\Sistem\Users\deivvvid\.m2\repository\org\mozilla\rhino\1.7.7.2\rhino-1.7.7.2.jar;D:\Sistem\Users\deivvvid\.m2\repository\net\sourceforge\pmd\pmd-jsp\6.29.0\pmd-jsp-6.29.0.jar;D:\Sistem\Users\deivvvid\.m2\repository\org\slf4j\jul-to-slf4j\1.7.25\jul-to-slf4j-1.7.25.jar;D:\Sistem\Users\deivvvid\.m2\repository\org\apache\maven\shared\maven-shared-utils\3.2.1\maven-shared-utils-3.2.1.jar;D:\Sistem\Users\deivvvid\.m2\repository\org\apache\httpcomponents\httpclient\4.5.3\httpclient-4.5.3.jar;D:\Sistem\Users\deivvvid\.m2\repository\org\apache\httpcomponents\httpcore\4.4.6\httpcore-4.4.6.jar;D:\Sistem\Users\deivvvid\.m2\repository\commons-logging\commons-logging\1.2\commons-logging-1.2.jar;D:\Sistem\Users\deivvvid\.m2\repository\commons-io\commons-io\2.5\commons-io-2.5.jar;D:\Sistem\Users\deivvvid\.m2\repository\com\github\spotbugs\spotbugs-maven-plugin\4.2.3\spotbugs-maven-plugin-4.2.3.jar;D:\Sistem\Users\deivvvid\.m2\repository\com\github\spotbugs\spotbugs\4.2.3\spotbugs-4.2.3.jar;D:\Sistem\Users\deivvvid\.m2\repository\org\apache\bcel\bcel\6.5.0\bcel-6.5.0.jar;D:\Sistem\Users\deivvvid\.m2\repository\net\jcip\jcip-annotations\1.0\jcip-annotations-1.0.jar;D:\Sistem\Users\deivvvid\.m2\repository\org\dom4j\dom4j\2.1.3\dom4j-2.1.3.jar;D:\Sistem\Users\deivvvid\.m2\repository\org\apache\commons\commons-text\1.9\commons-text-1.9.jar;D:\Sistem\Users\deivvvid\.m2\repository\com\github\spotbugs\spotbugs-annotations\4.2.3\spotbugs-annotations-4.2.3.jar;D:\Sistem\Users\deivvvid\.m2\repository\jaxen\jaxen\1.2.0\jaxen-1.2.0.jar;D:\Sistem\Users\deivvvid\.m2\repository\org\slf4j\jcl-over-slf4j\2.0.0-alpha1\jcl-over-slf4j-2.0.0-alpha1.jar;D:\Sistem\Users\deivvvid\.m2\repository\org\slf4j\slf4j-simple\2.0.0-alpha1\slf4j-simple-2.0.0-alpha1.jar;D:\Sistem\Users\deivvvid\.m2\repository\org\apache\ant\ant\1.10.9\ant-1.10.9.jar;D:\Sistem\Users\deivvvid\.m2\repository\org\apache\ant\ant-launcher\1.10.9\ant-launcher-1.10.9.jar;D:\Sistem\Users\deivvvid\.m2\repository\org\codehaus\groovy\groovy\3.0.7\groovy-3.0.7-indy.jar;D:\Sistem\Users\deivvvid\.m2\repository\org\codehaus\groovy\groovy-ant\3.0.7\groovy-ant-3.0.7-indy.jar;D:\Sistem\Users\deivvvid\.m2\repository\org\codehaus\groovy\groovy-dateutil\3.0.7\groovy-dateutil-3.0.7-indy.jar;D:\Sistem\Users\deivvvid\.m2\repository\org\codehaus\groovy\groovy-docgenerator\3.0.7\groovy-docgenerator-3.0.7-indy.jar;D:\Sistem\Users\deivvvid\.m2\repository\com\thoughtworks\qdox\qdox\1.12.1\qdox-1.12.1.jar;D:\Sistem\Users\deivvvid\.m2\repository\org\codehaus\groovy\groovy-groovydoc\3.0.7\groovy-groovydoc-3.0.7-indy.jar;D:\Sistem\Users\deivvvid\.m2\repository\com\github\javaparser\javaparser-core\3.17.0\javaparser-core-3.17.0.jar;D:\Sistem\Users\deivvvid\.m2\repository\org\codehaus\groovy\groovy-templates\3.0.7\groovy-templates-3.0.7-indy.jar;D:\Sistem\Users\deivvvid\.m2\repository\org\codehaus\groovy\groovy-xml\3.0.7\groovy-xml-3.0.7-indy.jar;D:\Sistem\Users\deivvvid\.m2\repository\org\apache\maven\doxia\doxia-core\1.9.1\doxia-core-1.9.1.jar;D:\Sistem\Users\deivvvid\.m2\repository\commons-beanutils\commons-beanutils\1.9.4\commons-beanutils-1.9.4.jar;D:\Sistem\Users\deivvvid\.m2\repository\commons-chain\commons-chain\1.2\commons-chain-1.2.jar;D:\Sistem\Users\deivvvid\.m2\repository\commons-codec\commons-codec\1.15\commons-codec-1.15.jar;D:\Sistem\Users\deivvvid\.m2\repository\commons-collections\commons-collections\3.2.2\commons-collections-3.2.2.jar;D:\Sistem\Users\deivvvid\.m2\repository\commons-digester\commons-digester\2.1\commons-digester-2.1.jar;D:\Sistem\Users\deivvvid\.m2\repository\org\slf4j\slf4j-api\2.0.0-alpha1\slf4j-api-2.0.0-alpha1.jar;D:\Sistem\Users\deivvvid\.m2\repository\org\ow2\asm\asm\9.1\asm-9.1.jar;D:\Sistem\Users\deivvvid\.m2\repository\org\ow2\asm\asm-analysis\9.1\asm-analysis-9.1.jar;D:\Sistem\Users\deivvvid\.m2\repository\org\ow2\asm\asm-commons\9.1\asm-commons-9.1.jar;D:\Sistem\Users\deivvvid\.m2\repository\org\ow2\asm\asm-tree\9.1\asm-tree-9.1.jar;D:\Sistem\Users\deivvvid\.m2\repository\org\ow2\asm\asm-util\9.1\asm-util-9.1.jar;D:\Sistem\Users\deivvvid\.m2\repository\org\openjfx\javafx-controls\19\javafx-controls-19.jar;D:\Sistem\Users\deivvvid\.m2\repository\org\openjfx\javafx-controls\19\javafx-controls-19-win.jar;D:\Sistem\Users\deivvvid\.m2\repository\org\openjfx\javafx-graphics\19\javafx-graphics-19.jar;D:\Sistem\Users\deivvvid\.m2\repository\org\openjfx\javafx-graphics\19\javafx-graphics-19-win.jar;D:\Sistem\Users\deivvvid\.m2\repository\org\openjfx\javafx-base\19\javafx-base-19.jar;D:\Sistem\Users\deivvvid\.m2\repository\org\openjfx\javafx-base\19\javafx-base-19-win.jar;D:\Sistem\Users\deivvvid\.m2\repository\org\openjfx\javafx-fxml\19\javafx-fxml-19.jar;D:\Sistem\Users\deivvvid\.m2\repository\org\openjfx\javafx-fxml\19\javafx-fxml-19-win.jar;D:\Sistem\Users\deivvvid\.m2\repository\org\codehaus\plexus\plexus-container-default\2.1.0\plexus-container-default-2.1.0.jar;D:\Sistem\Users\deivvvid\.m2\repository\org\codehaus\plexus\plexus-classworlds\2.6.0\plexus-classworlds-2.6.0.jar;D:\Sistem\Users\deivvvid\.m2\repository\org\apache\xbean\xbean-reflect\3.7\xbean-reflect-3.7.jar;D:\Sistem\Users\deivvvid\.m2\repository\com\google\collections\google-collections\1.0\google-collections-1.0.jar;D:\Sistem\Users\deivvvid\.m2\repository\org\testfx\testfx-core\4.0.15-alpha\testfx-core-4.0.15-alpha.jar;D:\Sistem\Users\deivvvid\.m2\repository\org\hamcrest\hamcrest-core\1.3\hamcrest-core-1.3.jar;D:\Sistem\Users\deivvvid\.m2\repository\org\assertj\assertj-core\3.11.1\assertj-core-3.11.1.jar;D:\Sistem\Users\deivvvid\.m2\repository\org\testfx\testfx-junit5\4.0.15-alpha\testfx-junit5-4.0.15-alpha.jar;"/>
    <property name="java.vm.vendor" value="Eclipse Adoptium"/>
    <property name="sun.arch.data.model" value="64"/>
    <property name="user.variant" value=""/>
    <property name="java.vendor.url" value="https://adoptium.net/"/>
    <property name="user.timezone" value="America/Los_Angeles"/>
    <property name="os.name" value="Windows 10"/>
    <property name="java.vm.specification.version" value="23"/>
    <property name="sun.java.launcher" value="SUN_STANDARD"/>
    <property name="user.country" value="US"/>
    <property name="sun.boot.library.path" value="D:\Sistem\Users\deivvvid\.p2\pool\plugins\org.eclipse.justj.openjdk.hotspot.jre.full.win32.x86_64_23.0.0.v20240919-1706\jre\bin"/>
    <property name="sun.java.command" value="D:\Sistem\Users\deivvvid\AppData\Local\Temp\surefire5190862057227233637\surefirebooter3086616658395690780.jar D:\Sistem\Users\deivvvid\AppData\Local\Temp\surefire5190862057227233637 2024-12-01T05-37-38_159-jvmRun1 surefire4565076132128097410tmp surefire_015848895365787888254tmp"/>
    <property name="jdk.debug" value="release"/>
    <property name="surefire.test.class.path" value="D:\Sistem\Users\deivvvid\eclipse-workspace\poker_tqs\target\test-classes;D:\Sistem\Users\deivvvid\eclipse-workspace\poker_tqs\target\classes;D:\Sistem\Users\deivvvid\.m2\repository\org\junit\jupiter\junit-jupiter-engine\5.8.2\junit-jupiter-engine-5.8.2.jar;D:\Sistem\Users\deivvvid\.m2\repository\org\junit\platform\junit-platform-engine\1.8.2\junit-platform-engine-1.8.2.jar;D:\Sistem\Users\deivvvid\.m2\repository\org\apiguardian\apiguardian-api\1.1.2\apiguardian-api-1.1.2.jar;D:\Sistem\Users\deivvvid\.m2\repository\org\junit\jupiter\junit-jupiter-api\5.8.2\junit-jupiter-api-5.8.2.jar;D:\Sistem\Users\deivvvid\.m2\repository\org\opentest4j\opentest4j\1.2.0\opentest4j-1.2.0.jar;D:\Sistem\Users\deivvvid\.m2\repository\org\junit\platform\junit-platform-commons\1.8.2\junit-platform-commons-1.8.2.jar;D:\Sistem\Users\deivvvid\.m2\repository\org\junit\jupiter\junit-jupiter-params\5.8.2\junit-jupiter-params-5.8.2.jar;D:\Sistem\Users\deivvvid\.m2\repository\org\mockito\mockito-core\4.0.0\mockito-core-4.0.0.jar;D:\Sistem\Users\deivvvid\.m2\repository\net\bytebuddy\byte-buddy\1.11.19\byte-buddy-1.11.19.jar;D:\Sistem\Users\deivvvid\.m2\repository\net\bytebuddy\byte-buddy-agent\1.11.19\byte-buddy-agent-1.11.19.jar;D:\Sistem\Users\deivvvid\.m2\repository\org\objenesis\objenesis\3.2\objenesis-3.2.jar;D:\Sistem\Users\deivvvid\.m2\repository\org\apache\maven\plugins\maven-checkstyle-plugin\3.1.2\maven-checkstyle-plugin-3.1.2.jar;D:\Sistem\Users\deivvvid\.m2\repository\org\apache\maven\maven-artifact\3.0\maven-artifact-3.0.jar;D:\Sistem\Users\deivvvid\.m2\repository\org\apache\maven\maven-core\3.0\maven-core-3.0.jar;D:\Sistem\Users\deivvvid\.m2\repository\org\apache\maven\maven-settings\3.0\maven-settings-3.0.jar;D:\Sistem\Users\deivvvid\.m2\repository\org\apache\maven\maven-settings-builder\3.0\maven-settings-builder-3.0.jar;D:\Sistem\Users\deivvvid\.m2\repository\org\apache\maven\maven-repository-metadata\3.0\maven-repository-metadata-3.0.jar;D:\Sistem\Users\deivvvid\.m2\repository\org\apache\maven\maven-model-builder\3.0\maven-model-builder-3.0.jar;D:\Sistem\Users\deivvvid\.m2\repository\org\apache\maven\maven-aether-provider\3.0\maven-aether-provider-3.0.jar;D:\Sistem\Users\deivvvid\.m2\repository\org\sonatype\aether\aether-impl\1.7\aether-impl-1.7.jar;D:\Sistem\Users\deivvvid\.m2\repository\org\sonatype\aether\aether-spi\1.7\aether-spi-1.7.jar;D:\Sistem\Users\deivvvid\.m2\repository\org\sonatype\aether\aether-api\1.7\aether-api-1.7.jar;D:\Sistem\Users\deivvvid\.m2\repository\org\sonatype\aether\aether-util\1.7\aether-util-1.7.jar;D:\Sistem\Users\deivvvid\.m2\repository\org\sonatype\sisu\sisu-inject-plexus\1.4.2\sisu-inject-plexus-1.4.2.jar;D:\Sistem\Users\deivvvid\.m2\repository\org\sonatype\sisu\sisu-inject-bean\1.4.2\sisu-inject-bean-1.4.2.jar;D:\Sistem\Users\deivvvid\.m2\repository\org\sonatype\sisu\sisu-guice\2.1.7\sisu-guice-2.1.7-noaop.jar;D:\Sistem\Users\deivvvid\.m2\repository\org\sonatype\plexus\plexus-sec-dispatcher\1.3\plexus-sec-dispatcher-1.3.jar;D:\Sistem\Users\deivvvid\.m2\repository\org\sonatype\plexus\plexus-cipher\1.4\plexus-cipher-1.4.jar;D:\Sistem\Users\deivvvid\.m2\repository\org\apache\maven\maven-model\3.0\maven-model-3.0.jar;D:\Sistem\Users\deivvvid\.m2\repository\org\apache\maven\maven-plugin-api\3.0\maven-plugin-api-3.0.jar;D:\Sistem\Users\deivvvid\.m2\repository\org\apache\maven\reporting\maven-reporting-api\3.0\maven-reporting-api-3.0.jar;D:\Sistem\Users\deivvvid\.m2\repository\org\apache\maven\reporting\maven-reporting-impl\2.3\maven-reporting-impl-2.3.jar;D:\Sistem\Users\deivvvid\.m2\repository\commons-validator\commons-validator\1.3.1\commons-validator-1.3.1.jar;D:\Sistem\Users\deivvvid\.m2\repository\org\apache\maven\doxia\doxia-sink-api\1.4\doxia-sink-api-1.4.jar;D:\Sistem\Users\deivvvid\.m2\repository\org\apache\maven\doxia\doxia-logging-api\1.4\doxia-logging-api-1.4.jar;D:\Sistem\Users\deivvvid\.m2\repository\org\apache\maven\doxia\doxia-decoration-model\1.4\doxia-decoration-model-1.4.jar;D:\Sistem\Users\deivvvid\.m2\repository\org\apache\maven\doxia\doxia-site-renderer\1.4\doxia-site-renderer-1.4.jar;D:\Sistem\Users\deivvvid\.m2\repository\org\apache\maven\doxia\doxia-module-xhtml\1.4\doxia-module-xhtml-1.4.jar;D:\Sistem\Users\deivvvid\.m2\repository\org\apache\maven\doxia\doxia-module-fml\1.4\doxia-module-fml-1.4.jar;D:\Sistem\Users\deivvvid\.m2\repository\org\codehaus\plexus\plexus-i18n\1.0-beta-7\plexus-i18n-1.0-beta-7.jar;D:\Sistem\Users\deivvvid\.m2\repository\org\apache\velocity\velocity-tools\2.0\velocity-tools-2.0.jar;D:\Sistem\Users\deivvvid\.m2\repository\dom4j\dom4j\1.1\dom4j-1.1.jar;D:\Sistem\Users\deivvvid\.m2\repository\oro\oro\2.0.8\oro-2.0.8.jar;D:\Sistem\Users\deivvvid\.m2\repository\sslext\sslext\1.2-0\sslext-1.2-0.jar;D:\Sistem\Users\deivvvid\.m2\repository\org\apache\struts\struts-core\1.3.8\struts-core-1.3.8.jar;D:\Sistem\Users\deivvvid\.m2\repository\org\apache\struts\struts-taglib\1.3.8\struts-taglib-1.3.8.jar;D:\Sistem\Users\deivvvid\.m2\repository\org\apache\struts\struts-tiles\1.3.8\struts-tiles-1.3.8.jar;D:\Sistem\Users\deivvvid\.m2\repository\org\apache\maven\doxia\doxia-integration-tools\1.6\doxia-integration-tools-1.6.jar;D:\Sistem\Users\deivvvid\.m2\repository\org\codehaus\plexus\plexus-component-annotations\2.0.0\plexus-component-annotations-2.0.0.jar;D:\Sistem\Users\deivvvid\.m2\repository\org\codehaus\plexus\plexus-resources\1.1.0\plexus-resources-1.1.0.jar;D:\Sistem\Users\deivvvid\.m2\repository\org\codehaus\plexus\plexus-utils\3.3.0\plexus-utils-3.3.0.jar;D:\Sistem\Users\deivvvid\.m2\repository\org\codehaus\plexus\plexus-interpolation\1.26\plexus-interpolation-1.26.jar;D:\Sistem\Users\deivvvid\.m2\repository\org\codehaus\plexus\plexus-velocity\1.2\plexus-velocity-1.2.jar;D:\Sistem\Users\deivvvid\.m2\repository\com\puppycrawl\tools\checkstyle\8.29\checkstyle-8.29.jar;D:\Sistem\Users\deivvvid\.m2\repository\info\picocli\picocli\4.1.4\picocli-4.1.4.jar;D:\Sistem\Users\deivvvid\.m2\repository\antlr\antlr\2.7.7\antlr-2.7.7.jar;D:\Sistem\Users\deivvvid\.m2\repository\org\antlr\antlr4-runtime\4.8-1\antlr4-runtime-4.8-1.jar;D:\Sistem\Users\deivvvid\.m2\repository\com\google\guava\guava\28.2-jre\guava-28.2-jre.jar;D:\Sistem\Users\deivvvid\.m2\repository\com\google\guava\failureaccess\1.0.1\failureaccess-1.0.1.jar;D:\Sistem\Users\deivvvid\.m2\repository\com\google\guava\listenablefuture\9999.0-empty-to-avoid-conflict-with-guava\listenablefuture-9999.0-empty-to-avoid-conflict-with-guava.jar;D:\Sistem\Users\deivvvid\.m2\repository\com\google\code\findbugs\jsr305\3.0.2\jsr305-3.0.2.jar;D:\Sistem\Users\deivvvid\.m2\repository\org\checkerframework\checker-qual\2.10.0\checker-qual-2.10.0.jar;D:\Sistem\Users\deivvvid\.m2\repository\com\google\errorprone\error_prone_annotations\2.3.4\error_prone_annotations-2.3.4.jar;D:\Sistem\Users\deivvvid\.m2\repository\com\google\j2objc\j2objc-annotations\1.3\j2objc-annotations-1.3.jar;D:\Sistem\Users\deivvvid\.m2\repository\net\sf\saxon\Saxon-HE\9.9.1-6\Saxon-HE-9.9.1-6.jar;D:\Sistem\Users\deivvvid\.m2\repository\org\apache\velocity\velocity\1.7\velocity-1.7.jar;D:\Sistem\Users\deivvvid\.m2\repository\commons-lang\commons-lang\2.4\commons-lang-2.4.jar;D:\Sistem\Users\deivvvid\.m2\repository\javax\xml\bind\jaxb-api\2.3.1\jaxb-api-2.3.1.jar;D:\Sistem\Users\deivvvid\.m2\repository\javax\activation\javax.activation-api\1.2.0\javax.activation-api-1.2.0.jar;D:\Sistem\Users\deivvvid\.m2\repository\org\apache\maven\plugins\maven-pmd-plugin\3.14.0\maven-pmd-plugin-3.14.0.jar;D:\Sistem\Users\deivvvid\.m2\repository\org\apache\maven\shared\maven-artifact-transfer\0.11.0\maven-artifact-transfer-0.11.0.jar;D:\Sistem\Users\deivvvid\.m2\repository\org\apache\maven\shared\maven-common-artifact-filters\3.1.0\maven-common-artifact-filters-3.1.0.jar;D:\Sistem\Users\deivvvid\.m2\repository\org\apache\commons\commons-lang3\3.8.1\commons-lang3-3.8.1.jar;D:\Sistem\Users\deivvvid\.m2\repository\net\sourceforge\pmd\pmd-core\6.29.0\pmd-core-6.29.0.jar;D:\Sistem\Users\deivvvid\.m2\repository\com\beust\jcommander\1.48\jcommander-1.48.jar;D:\Sistem\Users\deivvvid\.m2\repository\net\sourceforge\saxon\saxon\9.1.0.8\saxon-9.1.0.8.jar;D:\Sistem\Users\deivvvid\.m2\repository\com\google\code\gson\gson\2.8.5\gson-2.8.5.jar;D:\Sistem\Users\deivvvid\.m2\repository\net\sourceforge\saxon\saxon\9.1.0.8\saxon-9.1.0.8-dom.jar;D:\Sistem\Users\deivvvid\.m2\repository\net\sourceforge\pmd\pmd-java\6.29.0\pmd-java-6.29.0.jar;D:\Sistem\Users\deivvvid\.m2\repository\net\sourceforge\pmd\pmd-javascript\6.29.0\pmd-javascript-6.29.0.jar;D:\Sistem\Users\deivvvid\.m2\repository\org\mozilla\rhino\1.7.7.2\rhino-1.7.7.2.jar;D:\Sistem\Users\deivvvid\.m2\repository\net\sourceforge\pmd\pmd-jsp\6.29.0\pmd-jsp-6.29.0.jar;D:\Sistem\Users\deivvvid\.m2\repository\org\slf4j\jul-to-slf4j\1.7.25\jul-to-slf4j-1.7.25.jar;D:\Sistem\Users\deivvvid\.m2\repository\org\apache\maven\shared\maven-shared-utils\3.2.1\maven-shared-utils-3.2.1.jar;D:\Sistem\Users\deivvvid\.m2\repository\org\apache\httpcomponents\httpclient\4.5.3\httpclient-4.5.3.jar;D:\Sistem\Users\deivvvid\.m2\repository\org\apache\httpcomponents\httpcore\4.4.6\httpcore-4.4.6.jar;D:\Sistem\Users\deivvvid\.m2\repository\commons-logging\commons-logging\1.2\commons-logging-1.2.jar;D:\Sistem\Users\deivvvid\.m2\repository\commons-io\commons-io\2.5\commons-io-2.5.jar;D:\Sistem\Users\deivvvid\.m2\repository\com\github\spotbugs\spotbugs-maven-plugin\4.2.3\spotbugs-maven-plugin-4.2.3.jar;D:\Sistem\Users\deivvvid\.m2\repository\com\github\spotbugs\spotbugs\4.2.3\spotbugs-4.2.3.jar;D:\Sistem\Users\deivvvid\.m2\repository\org\apache\bcel\bcel\6.5.0\bcel-6.5.0.jar;D:\Sistem\Users\deivvvid\.m2\repository\net\jcip\jcip-annotations\1.0\jcip-annotations-1.0.jar;D:\Sistem\Users\deivvvid\.m2\repository\org\dom4j\dom4j\2.1.3\dom4j-2.1.3.jar;D:\Sistem\Users\deivvvid\.m2\repository\org\apache\commons\commons-text\1.9\commons-text-1.9.jar;D:\Sistem\Users\deivvvid\.m2\repository\com\github\spotbugs\spotbugs-annotations\4.2.3\spotbugs-annotations-4.2.3.jar;D:\Sistem\Users\deivvvid\.m2\repository\jaxen\jaxen\1.2.0\jaxen-1.2.0.jar;D:\Sistem\Users\deivvvid\.m2\repository\org\slf4j\jcl-over-slf4j\2.0.0-alpha1\jcl-over-slf4j-2.0.0-alpha1.jar;D:\Sistem\Users\deivvvid\.m2\repository\org\slf4j\slf4j-simple\2.0.0-alpha1\slf4j-simple-2.0.0-alpha1.jar;D:\Sistem\Users\deivvvid\.m2\repository\org\apache\ant\ant\1.10.9\ant-1.10.9.jar;D:\Sistem\Users\deivvvid\.m2\repository\org\apache\ant\ant-launcher\1.10.9\ant-launcher-1.10.9.jar;D:\Sistem\Users\deivvvid\.m2\repository\org\codehaus\groovy\groovy\3.0.7\groovy-3.0.7-indy.jar;D:\Sistem\Users\deivvvid\.m2\repository\org\codehaus\groovy\groovy-ant\3.0.7\groovy-ant-3.0.7-indy.jar;D:\Sistem\Users\deivvvid\.m2\repository\org\codehaus\groovy\groovy-dateutil\3.0.7\groovy-dateutil-3.0.7-indy.jar;D:\Sistem\Users\deivvvid\.m2\repository\org\codehaus\groovy\groovy-docgenerator\3.0.7\groovy-docgenerator-3.0.7-indy.jar;D:\Sistem\Users\deivvvid\.m2\repository\com\thoughtworks\qdox\qdox\1.12.1\qdox-1.12.1.jar;D:\Sistem\Users\deivvvid\.m2\repository\org\codehaus\groovy\groovy-groovydoc\3.0.7\groovy-groovydoc-3.0.7-indy.jar;D:\Sistem\Users\deivvvid\.m2\repository\com\github\javaparser\javaparser-core\3.17.0\javaparser-core-3.17.0.jar;D:\Sistem\Users\deivvvid\.m2\repository\org\codehaus\groovy\groovy-templates\3.0.7\groovy-templates-3.0.7-indy.jar;D:\Sistem\Users\deivvvid\.m2\repository\org\codehaus\groovy\groovy-xml\3.0.7\groovy-xml-3.0.7-indy.jar;D:\Sistem\Users\deivvvid\.m2\repository\org\apache\maven\doxia\doxia-core\1.9.1\doxia-core-1.9.1.jar;D:\Sistem\Users\deivvvid\.m2\repository\commons-beanutils\commons-beanutils\1.9.4\commons-beanutils-1.9.4.jar;D:\Sistem\Users\deivvvid\.m2\repository\commons-chain\commons-chain\1.2\commons-chain-1.2.jar;D:\Sistem\Users\deivvvid\.m2\repository\commons-codec\commons-codec\1.15\commons-codec-1.15.jar;D:\Sistem\Users\deivvvid\.m2\repository\commons-collections\commons-collections\3.2.2\commons-collections-3.2.2.jar;D:\Sistem\Users\deivvvid\.m2\repository\commons-digester\commons-digester\2.1\commons-digester-2.1.jar;D:\Sistem\Users\deivvvid\.m2\repository\org\slf4j\slf4j-api\2.0.0-alpha1\slf4j-api-2.0.0-alpha1.jar;D:\Sistem\Users\deivvvid\.m2\repository\org\ow2\asm\asm\9.1\asm-9.1.jar;D:\Sistem\Users\deivvvid\.m2\repository\org\ow2\asm\asm-analysis\9.1\asm-analysis-9.1.jar;D:\Sistem\Users\deivvvid\.m2\repository\org\ow2\asm\asm-commons\9.1\asm-commons-9.1.jar;D:\Sistem\Users\deivvvid\.m2\repository\org\ow2\asm\asm-tree\9.1\asm-tree-9.1.jar;D:\Sistem\Users\deivvvid\.m2\repository\org\ow2\asm\asm-util\9.1\asm-util-9.1.jar;D:\Sistem\Users\deivvvid\.m2\repository\org\openjfx\javafx-controls\19\javafx-controls-19.jar;D:\Sistem\Users\deivvvid\.m2\repository\org\openjfx\javafx-controls\19\javafx-controls-19-win.jar;D:\Sistem\Users\deivvvid\.m2\repository\org\openjfx\javafx-graphics\19\javafx-graphics-19.jar;D:\Sistem\Users\deivvvid\.m2\repository\org\openjfx\javafx-graphics\19\javafx-graphics-19-win.jar;D:\Sistem\Users\deivvvid\.m2\repository\org\openjfx\javafx-base\19\javafx-base-19.jar;D:\Sistem\Users\deivvvid\.m2\repository\org\openjfx\javafx-base\19\javafx-base-19-win.jar;D:\Sistem\Users\deivvvid\.m2\repository\org\openjfx\javafx-fxml\19\javafx-fxml-19.jar;D:\Sistem\Users\deivvvid\.m2\repository\org\openjfx\javafx-fxml\19\javafx-fxml-19-win.jar;D:\Sistem\Users\deivvvid\.m2\repository\org\codehaus\plexus\plexus-container-default\2.1.0\plexus-container-default-2.1.0.jar;D:\Sistem\Users\deivvvid\.m2\repository\org\codehaus\plexus\plexus-classworlds\2.6.0\plexus-classworlds-2.6.0.jar;D:\Sistem\Users\deivvvid\.m2\repository\org\apache\xbean\xbean-reflect\3.7\xbean-reflect-3.7.jar;D:\Sistem\Users\deivvvid\.m2\repository\com\google\collections\google-collections\1.0\google-collections-1.0.jar;D:\Sistem\Users\deivvvid\.m2\repository\org\testfx\testfx-core\4.0.15-alpha\testfx-core-4.0.15-alpha.jar;D:\Sistem\Users\deivvvid\.m2\repository\org\hamcrest\hamcrest-core\1.3\hamcrest-core-1.3.jar;D:\Sistem\Users\deivvvid\.m2\repository\org\assertj\assertj-core\3.11.1\assertj-core-3.11.1.jar;D:\Sistem\Users\deivvvid\.m2\repository\org\testfx\testfx-junit5\4.0.15-alpha\testfx-junit5-4.0.15-alpha.jar;"/>
    <property name="sun.cpu.endian" value="little"/>
    <property name="user.home" value="D:\Sistem\Users\deivvvid"/>
    <property name="user.language" value="en"/>
    <property name="java.specification.vendor" value="Oracle Corporation"/>
    <property name="java.version.date" value="2024-09-17"/>
    <property name="java.home" value="D:\Sistem\Users\deivvvid\.p2\pool\plugins\org.eclipse.justj.openjdk.hotspot.jre.full.win32.x86_64_23.0.0.v20240919-1706\jre"/>
    <property name="file.separator" value="\"/>
    <property name="basedir" value="D:\Sistem\Users\deivvvid\eclipse-workspace\poker_tqs"/>
    <property name="style.color" value="always"/>
    <property name="java.vm.compressedOopsMode" value="Zero based"/>
    <property name="line.separator" value="&#10;"/>
    <property name="java.vm.specification.vendor" value="Oracle Corporation"/>
    <property name="java.specification.name" value="Java Platform API Specification"/>
    <property name="surefire.real.class.path" value="D:\Sistem\Users\deivvvid\AppData\Local\Temp\surefire5190862057227233637\surefirebooter3086616658395690780.jar"/>
    <property name="user.script" value=""/>
    <property name="sun.management.compiler" value="HotSpot 64-Bit Tiered Compilers"/>
    <property name="java.runtime.version" value="23+37"/>
    <property name="user.name" value="deivvvid"/>
    <property name="stdout.encoding" value="Cp1252"/>
    <property name="path.separator" value=";"/>
    <property name="os.version" value="10.0"/>
    <property name="java.runtime.name" value="OpenJDK Runtime Environment"/>
    <property name="file.encoding" value="UTF-8"/>
    <property name="java.vm.name" value="OpenJDK 64-Bit Server VM"/>
    <property name="java.vendor.version" value="Temurin-23+37"/>
    <property name="localRepository" value="D:\Sistem\Users\deivvvid\.m2\repository"/>
    <property name="java.vendor.url.bug" value="https://github.com/adoptium/adoptium-support/issues"/>
    <property name="java.io.tmpdir" value="D:\Sistem\Users\deivvvid\AppData\Local\Temp\"/>
    <property name="java.version" value="23"/>
    <property name="user.dir" value="D:\Sistem\Users\deivvvid\eclipse-workspace\poker_tqs"/>
    <property name="os.arch" value="amd64"/>
    <property name="java.vm.specification.name" value="Java Virtual Machine Specification"/>
    <property name="sun.os.patch.level" value=""/>
    <property name="native.encoding" value="Cp1252"/>
    <property name="java.library.path" value="D:\Sistem\Users\deivvvid\.p2\pool\plugins\org.eclipse.justj.openjdk.hotspot.jre.full.win32.x86_64_23.0.0.v20240919-1706\jre\bin;C:\Windows\Sun\Java\bin;C:\Windows\system32;C:\Windows;D:/Sistem/Users/deivvvid/.p2/pool/plugins/org.eclipse.justj.openjdk.hotspot.jre.full.win32.x86_64_23.0.0.v20240919-1706/jre/bin/server;D:/Sistem/Users/deivvvid/.p2/pool/plugins/org.eclipse.justj.openjdk.hotspot.jre.full.win32.x86_64_23.0.0.v20240919-1706/jre/bin;C:\Program Files (x86)\NVIDIA Corporation\PhysX\Common;C:\Windows\system32;C:\Windows;C:\Windows\System32\Wbem;C:\Windows\System32\WindowsPowerShell\v1.0\;C:\Windows\System32\OpenSSH\;C:\Program Files\Git\cmd;C:\Program Files\dotnet\;C:\Program Files (x86)\Windows Kits\10\Windows Performance Toolkit\;C:\Program Files\nodejs\;C:\Program Files\Graphviz\bin;C:\Program Files\NVIDIA Corporation\NVIDIA NvDLISR;D:\Sistem\Users\deivvvid\AppData\Local\Microsoft\WindowsApps;;D:\Sistem\Users\deivvvid\AppData\Local\Programs\Microsoft VS Code\bin;D:\Sistem\Users\deivvvid\.dotnet\tools;C:\Program Files\CMake\bin;D:\Sistem\Users\deivvvid\AppData\Roaming\npm;C:\Windows\System32;;."/>
    <property name="java.vm.info" value="mixed mode, sharing"/>
    <property name="stderr.encoding" value="Cp1252"/>
    <property name="java.vendor" value="Eclipse Adoptium"/>
    <property name="java.vm.version" value="23+37"/>
    <property name="sun.io.unicode.encoding" value="UnicodeLittle"/>
    <property name="java.class.version" value="67.0"/>
  </properties>
  <testcase name="testSetHand_validValue_setsHand" classname="com.example.pokerapp.model.DealerTest" time="0.001"/>
  <testcase name="testSetHand_nullOrEmptyValue_throwsException" classname="com.example.pokerapp.model.DealerTest" time="0.001"/>
  <testcase name="testConstructor_withHand_noExceptionThrown" classname="com.example.pokerapp.model.DealerTest" time="0.001"/>
  <testcase name="testAddCard_validCard_addsCardToHand" classname="com.example.pokerapp.model.DealerTest" time="0.001"/>
  <testcase name="testToString" classname="com.example.pokerapp.model.DealerTest" time="0.004"/>
  <testcase name="testAddCard_handIsFull_throwsException" classname="com.example.pokerapp.model.DealerTest" time="0.002"/>
  <testcase name="testConstructor_emptyDealer_noExceptionThrown" classname="com.example.pokerapp.model.DealerTest" time="0.001"/>
  <testcase name="testAddCard_nullCard_throwsException" classname="com.example.pokerapp.model.DealerTest" time="0.001"/>
</testsuite>