<?xml version="1.0" encoding="UTF-8"?>
<testsuite xmlns:xsi="http://www.w3.org/2001/XMLSchema-instance" xsi:noNamespaceSchemaLocation="https://maven.apache.org/surefire/maven-surefire-plugin/xsd/surefire-test-report-3.0.xsd" version="3.0" name="com.example.pokerapp.view.MainViewTest" time="1.274" tests="11" errors="2" skipped="0" failures="0">
  <properties>
    <property name="java.specification.version" value="23"/>
    <property name="javafx.runtime.version" value="19+11"/>
    <property name="sun.cpu.isalist" value="amd64"/>
    <property name="sun.jnu.encoding" value="Cp1252"/>
    <property name="java.class.path" value="D:\Sistem\Users\deivvvid\eclipse-workspace\poker_tqs\target\test-classes;D:\Sistem\Users\deivvvid\eclipse-workspace\poker_tqs\target\classes;D:\Sistem\Users\deivvvid\.m2\repository\org\junit\jupiter\junit-jupiter-engine\5.8.2\junit-jupiter-engine-5.8.2.jar;D:\Sistem\Users\deivvvid\.m2\repository\org\junit\platform\junit-platform-engine\1.8.2\junit-platform-engine-1.8.2.jar;D:\Sistem\Users\deivvvid\.m2\repository\org\apiguardian\apiguardian-api\1.1.2\apiguardian-api-1.1.2.jar;D:\Sistem\Users\deivvvid\.m2\repository\org\junit\jupiter\junit-jupiter-api\5.8.2\junit-jupiter-api-5.8.2.jar;D:\Sistem\Users\deivvvid\.m2\repository\org\opentest4j\opentest4j\1.2.0\opentest4j-1.2.0.jar;D:\Sistem\Users\deivvvid\.m2\repository\org\junit\platform\junit-platform-commons\1.8.2\junit-platform-commons-1.8.2.jar;D:\Sistem\Users\deivvvid\.m2\repository\org\junit\jupiter\junit-jupiter-params\5.8.2\junit-jupiter-params-5.8.2.jar;D:\Sistem\Users\deivvvid\.m2\repository\org\mockito\mockito-core\4.0.0\mockito-core-4.0.0.jar;D:\Sistem\Users\deivvvid\.m2\repository\net\bytebuddy\byte-buddy\1.11.19\byte-buddy-1.11.19.jar;D:\Sistem\Users\deivvvid\.m2\repository\net\bytebuddy\byte-buddy-agent\1.11.19\byte-buddy-agent-1.11.19.jar;D:\Sistem\Users\deivvvid\.m2\repository\org\objenesis\objenesis\3.2\objenesis-3.2.jar;D:\Sistem\Users\deivvvid\.m2\repository\org\apache\maven\plugins\maven-checkstyle-plugin\3.1.2\maven-checkstyle-plugin-3.1.2.jar;D:\Sistem\Users\deivvvid\.m2\repository\org\apache\maven\maven-artifact\3.0\maven-artifact-3.0.jar;D:\Sistem\Users\deivvvid\.m2\repository\org\apache\maven\maven-core\3.0\maven-core-3.0.jar;D:\Sistem\Users\deivvvid\.m2\repository\org\apache\maven\maven-settings\3.0\maven-settings-3.0.jar;D:\Sistem\Users\deivvvid\.m2\repository\org\apache\maven\maven-settings-builder\3.0\maven-settings-builder-3.0.jar;D:\Sistem\Users\deivvvid\.m2\repository\org\apache\maven\maven-repository-metadata\3.0\maven-repository-metadata-3.0.jar;D:\Sistem\Users\deivvvid\.m2\repository\org\apache\maven\maven-model-builder\3.0\maven-model-builder-3.0.jar;D:\Sistem\Users\deivvvid\.m2\repository\org\apache\maven\maven-aether-provider\3.0\maven-aether-provider-3.0.jar;D:\Sistem\Users\deivvvid\.m2\repository\org\sonatype\aether\aether-impl\1.7\aether-impl-1.7.jar;D:\Sistem\Users\deivvvid\.m2\repository\org\sonatype\aether\aether-spi\1.7\aether-spi-1.7.jar;D:\Sistem\Users\deivvvid\.m2\repository\org\sonatype\aether\aether-api\1.7\aether-api-1.7.jar;D:\Sistem\Users\deivvvid\.m2\repository\org\sonatype\aether\aether-util\1.7\aether-util-1.7.jar;D:\Sistem\Users\deivvvid\.m2\repository\org\sonatype\sisu\sisu-inject-plexus\1.4.2\sisu-inject-plexus-1.4.2.jar;D:\Sistem\Users\deivvvid\.m2\repository\org\sonatype\sisu\sisu-inject-bean\1.4.2\sisu-inject-bean-1.4.2.jar;D:\Sistem\Users\deivvvid\.m2\repository\org\sonatype\sisu\sisu-guice\2.1.7\sisu-guice-2.1.7-noaop.jar;D:\Sistem\Users\deivvvid\.m2\repository\org\sonatype\plexus\plexus-sec-dispatcher\1.3\plexus-sec-dispatcher-1.3.jar;D:\Sistem\Users\deivvvid\.m2\repository\org\sonatype\plexus\plexus-cipher\1.4\plexus-cipher-1.4.jar;D:\Sistem\Users\deivvvid\.m2\repository\org\apache\maven\maven-model\3.0\maven-model-3.0.jar;D:\Sistem\Users\deivvvid\.m2\repository\org\apache\maven\maven-plugin-api\3.0\maven-plugin-api-3.0.jar;D:\Sistem\Users\deivvvid\.m2\repository\org\apache\maven\reporting\maven-reporting-api\3.0\maven-reporting-api-3.0.jar;D:\Sistem\Users\deivvvid\.m2\repository\org\apache\maven\reporting\maven-reporting-impl\2.3\maven-reporting-impl-2.3.jar;D:\Sistem\Users\deivvvid\.m2\repository\commons-validator\commons-validator\1.3.1\commons-validator-1.3.1.jar;D:\Sistem\Users\deivvvid\.m2\repository\org\apache\maven\doxia\doxia-sink-api\1.4\doxia-sink-api-1.4.jar;D:\Sistem\Users\deivvvid\.m2\repository\org\apache\maven\doxia\doxia-logging-api\1.4\doxia-logging-api-1.4.jar;D:\Sistem\Users\deivvvid\.m2\repository\org\apache\maven\doxia\doxia-decoration-model\1.4\doxia-decoration-model-1.4.jar;D:\Sistem\Users\deivvvid\.m2\repository\org\apache\maven\doxia\doxia-site-renderer\1.4\doxia-site-renderer-1.4.jar;D:\Sistem\Users\deivvvid\.m2\repository\org\apache\maven\doxia\doxia-module-xhtml\1.4\doxia-module-xhtml-1.4.jar;D:\Sistem\Users\deivvvid\.m2\repository\org\apache\maven\doxia\doxia-module-fml\1.4\doxia-module-fml-1.4.jar;D:\Sistem\Users\deivvvid\.m2\repository\org\codehaus\plexus\plexus-i18n\1.0-beta-7\plexus-i18n-1.0-beta-7.jar;D:\Sistem\Users\deivvvid\.m2\repository\org\apache\velocity\velocity-tools\2.0\velocity-tools-2.0.jar;D:\Sistem\Users\deivvvid\.m2\repository\dom4j\dom4j\1.1\dom4j-1.1.jar;D:\Sistem\Users\deivvvid\.m2\repository\oro\oro\2.0.8\oro-2.0.8.jar;D:\Sistem\Users\deivvvid\.m2\repository\sslext\sslext\1.2-0\sslext-1.2-0.jar;D:\Sistem\Users\deivvvid\.m2\repository\org\apache\struts\struts-core\1.3.8\struts-core-1.3.8.jar;D:\Sistem\Users\deivvvid\.m2\repository\org\apache\struts\struts-taglib\1.3.8\struts-taglib-1.3.8.jar;D:\Sistem\Users\deivvvid\.m2\repository\org\apache\struts\struts-tiles\1.3.8\struts-tiles-1.3.8.jar;D:\Sistem\Users\deivvvid\.m2\repository\org\apache\maven\doxia\doxia-integration-tools\1.6\doxia-integration-tools-1.6.jar;D:\Sistem\Users\deivvvid\.m2\repository\org\codehaus\plexus\plexus-component-annotations\2.0.0\plexus-component-annotations-2.0.0.jar;D:\Sistem\Users\deivvvid\.m2\repository\org\codehaus\plexus\plexus-resources\1.1.0\plexus-resources-1.1.0.jar;D:\Sistem\Users\deivvvid\.m2\repository\org\codehaus\plexus\plexus-utils\3.3.0\plexus-utils-3.3.0.jar;D:\Sistem\Users\deivvvid\.m2\repository\org\codehaus\plexus\plexus-interpolation\1.26\plexus-interpolation-1.26.jar;D:\Sistem\Users\deivvvid\.m2\repository\org\codehaus\plexus\plexus-velocity\1.2\plexus-velocity-1.2.jar;D:\Sistem\Users\deivvvid\.m2\repository\com\puppycrawl\tools\checkstyle\8.29\checkstyle-8.29.jar;D:\Sistem\Users\deivvvid\.m2\repository\info\picocli\picocli\4.1.4\picocli-4.1.4.jar;D:\Sistem\Users\deivvvid\.m2\repository\antlr\antlr\2.7.7\antlr-2.7.7.jar;D:\Sistem\Users\deivvvid\.m2\repository\org\antlr\antlr4-runtime\4.8-1\antlr4-runtime-4.8-1.jar;D:\Sistem\Users\deivvvid\.m2\repository\com\google\guava\guava\28.2-jre\guava-28.2-jre.jar;D:\Sistem\Users\deivvvid\.m2\repository\com\google\guava\failureaccess\1.0.1\failureaccess-1.0.1.jar;D:\Sistem\Users\deivvvid\.m2\repository\com\google\guava\listenablefuture\9999.0-empty-to-avoid-conflict-with-guava\listenablefuture-9999.0-empty-to-avoid-conflict-with-guava.jar;D:\Sistem\Users\deivvvid\.m2\repository\com\google\code\findbugs\jsr305\3.0.2\jsr305-3.0.2.jar;D:\Sistem\Users\deivvvid\.m2\repository\org\checkerframework\checker-qual\2.10.0\checker-qual-2.10.0.jar;D:\Sistem\Users\deivvvid\.m2\repository\com\google\errorprone\error_prone_annotations\2.3.4\error_prone_annotations-2.3.4.jar;D:\Sistem\Users\deivvvid\.m2\repository\com\google\j2objc\j2objc-annotations\1.3\j2objc-annotations-1.3.jar;D:\Sistem\Users\deivvvid\.m2\repository\net\sf\saxon\Saxon-HE\9.9.1-6\Saxon-HE-9.9.1-6.jar;D:\Sistem\Users\deivvvid\.m2\repository\org\apache\velocity\velocity\1.7\velocity-1.7.jar;D:\Sistem\Users\deivvvid\.m2\repository\commons-lang\commons-lang\2.4\commons-lang-2.4.jar;D:\Sistem\Users\deivvvid\.m2\repository\javax\xml\bind\jaxb-api\2.3.1\jaxb-api-2.3.1.jar;D:\Sistem\Users\deivvvid\.m2\repository\javax\activation\javax.activation-api\1.2.0\javax.activation-api-1.2.0.jar;D:\Sistem\Users\deivvvid\.m2\repository\org\apache\maven\plugins\maven-pmd-plugin\3.14.0\maven-pmd-plugin-3.14.0.jar;D:\Sistem\Users\deivvvid\.m2\repository\org\apache\maven\shared\maven-artifact-transfer\0.11.0\maven-artifact-transfer-0.11.0.jar;D:\Sistem\Users\deivvvid\.m2\repository\org\apache\maven\shared\maven-common-artifact-filters\3.1.0\maven-common-artifact-filters-3.1.0.jar;D:\Sistem\Users\deivvvid\.m2\repository\org\apache\commons\commons-lang3\3.8.1\commons-lang3-3.8.1.jar;D:\Sistem\Users\deivvvid\.m2\repository\net\sourceforge\pmd\pmd-core\6.29.0\pmd-core-6.29.0.jar;D:\Sistem\Users\deivvvid\.m2\repository\com\beust\jcommander\1.48\jcommander-1.48.jar;D:\Sistem\Users\deivvvid\.m2\repository\net\sourceforge\saxon\saxon\9.1.0.8\saxon-9.1.0.8.jar;D:\Sistem\Users\deivvvid\.m2\repository\com\google\code\gson\gson\2.8.5\gson-2.8.5.jar;D:\Sistem\Users\deivvvid\.m2\repository\net\sourceforge\saxon\saxon\9.1.0.8\saxon-9.1.0.8-dom.jar;D:\Sistem\Users\deivvvid\.m2\repository\net\sourceforge\pmd\pmd-java\6.29.0\pmd-java-6.29.0.jar;D:\Sistem\Users\deivvvid\.m2\repository\net\sourceforge\pmd\pmd-javascript\6.29.0\pmd-javascript-6.29.0.jar;D:\Sistem\Users\deivvvid\.m2\repository\org\mozilla\rhino\1.7.7.2\rhino-1.7.7.2.jar;D:\Sistem\Users\deivvvid\.m2\repository\net\sourceforge\pmd\pmd-jsp\6.29.0\pmd-jsp-6.29.0.jar;D:\Sistem\Users\deivvvid\.m2\repository\org\slf4j\jul-to-slf4j\1.7.25\jul-to-slf4j-1.7.25.jar;D:\Sistem\Users\deivvvid\.m2\repository\org\apache\maven\shared\maven-shared-utils\3.2.1\maven-shared-utils-3.2.1.jar;D:\Sistem\Users\deivvvid\.m2\repository\org\apache\httpcomponents\httpclient\4.5.3\httpclient-4.5.3.jar;D:\Sistem\Users\deivvvid\.m2\repository\org\apache\httpcomponents\httpcore\4.4.6\httpcore-4.4.6.jar;D:\Sistem\Users\deivvvid\.m2\repository\commons-logging\commons-logging\1.2\commons-logging-1.2.jar;D:\Sistem\Users\deivvvid\.m2\repository\commons-io\commons-io\2.5\commons-io-2.5.jar;D:\Sistem\Users\deivvvid\.m2\repository\com\github\spotbugs\spotbugs-maven-plugin\4.2.3\spotbugs-maven-plugin-4.2.3.jar;D:\Sistem\Users\deivvvid\.m2\repository\com\github\spotbugs\spotbugs\4.2.3\spotbugs-4.2.3.jar;D:\Sistem\Users\deivvvid\.m2\repository\org\apache\bcel\bcel\6.5.0\bcel-6.5.0.jar;D:\Sistem\Users\deivvvid\.m2\repository\net\jcip\jcip-annotations\1.0\jcip-annotations-1.0.jar;D:\Sistem\Users\deivvvid\.m2\repository\org\dom4j\dom4j\2.1.3\dom4j-2.1.3.jar;D:\Sistem\Users\deivvvid\.m2\repository\org\apache\commons\commons-text\1.9\commons-text-1.9.jar;D:\Sistem\Users\deivvvid\.m2\repository\com\github\spotbugs\spotbugs-annotations\4.2.3\spotbugs-annotations-4.2.3.jar;D:\Sistem\Users\deivvvid\.m2\repository\jaxen\jaxen\1.2.0\jaxen-1.2.0.jar;D:\Sistem\Users\deivvvid\.m2\repository\org\slf4j\jcl-over-slf4j\2.0.0-alpha1\jcl-over-slf4j-2.0.0-alpha1.jar;D:\Sistem\Users\deivvvid\.m2\repository\org\slf4j\slf4j-simple\2.0.0-alpha1\slf4j-simple-2.0.0-alpha1.jar;D:\Sistem\Users\deivvvid\.m2\repository\org\apache\ant\ant\1.10.9\ant-1.10.9.jar;D:\Sistem\Users\deivvvid\.m2\repository\org\apache\ant\ant-launcher\1.10.9\ant-launcher-1.10.9.jar;D:\Sistem\Users\deivvvid\.m2\repository\org\codehaus\groovy\groovy\3.0.7\groovy-3.0.7-indy.jar;D:\Sistem\Users\deivvvid\.m2\repository\org\codehaus\groovy\groovy-ant\3.0.7\groovy-ant-3.0.7-indy.jar;D:\Sistem\Users\deivvvid\.m2\repository\org\codehaus\groovy\groovy-dateutil\3.0.7\groovy-dateutil-3.0.7-indy.jar;D:\Sistem\Users\deivvvid\.m2\repository\org\codehaus\groovy\groovy-docgenerator\3.0.7\groovy-docgenerator-3.0.7-indy.jar;D:\Sistem\Users\deivvvid\.m2\repository\com\thoughtworks\qdox\qdox\1.12.1\qdox-1.12.1.jar;D:\Sistem\Users\deivvvid\.m2\repository\org\codehaus\groovy\groovy-groovydoc\3.0.7\groovy-groovydoc-3.0.7-indy.jar;D:\Sistem\Users\deivvvid\.m2\repository\com\github\javaparser\javaparser-core\3.17.0\javaparser-core-3.17.0.jar;D:\Sistem\Users\deivvvid\.m2\repository\org\codehaus\groovy\groovy-templates\3.0.7\groovy-templates-3.0.7-indy.jar;D:\Sistem\Users\deivvvid\.m2\repository\org\codehaus\groovy\groovy-xml\3.0.7\groovy-xml-3.0.7-indy.jar;D:\Sistem\Users\deivvvid\.m2\repository\org\apache\maven\doxia\doxia-core\1.9.1\doxia-core-1.9.1.jar;D:\Sistem\Users\deivvvid\.m2\repository\commons-beanutils\commons-beanutils\1.9.4\commons-beanutils-1.9.4.jar;D:\Sistem\Users\deivvvid\.m2\repository\commons-chain\commons-chain\1.2\commons-chain-1.2.jar;D:\Sistem\Users\deivvvid\.m2\repository\commons-codec\commons-codec\1.15\commons-codec-1.15.jar;D:\Sistem\Users\deivvvid\.m2\repository\commons-collections\commons-collections\3.2.2\commons-collections-3.2.2.jar;D:\Sistem\Users\deivvvid\.m2\repository\commons-digester\commons-digester\2.1\commons-digester-2.1.jar;D:\Sistem\Users\deivvvid\.m2\repository\org\slf4j\slf4j-api\2.0.0-alpha1\slf4j-api-2.0.0-alpha1.jar;D:\Sistem\Users\deivvvid\.m2\repository\org\ow2\asm\asm\9.1\asm-9.1.jar;D:\Sistem\Users\deivvvid\.m2\repository\org\ow2\asm\asm-analysis\9.1\asm-analysis-9.1.jar;D:\Sistem\Users\deivvvid\.m2\repository\org\ow2\asm\asm-commons\9.1\asm-commons-9.1.jar;D:\Sistem\Users\deivvvid\.m2\repository\org\ow2\asm\asm-tree\9.1\asm-tree-9.1.jar;D:\Sistem\Users\deivvvid\.m2\repository\org\ow2\asm\asm-util\9.1\asm-util-9.1.jar;D:\Sistem\Users\deivvvid\.m2\repository\org\openjfx\javafx-controls\19\javafx-controls-19.jar;D:\Sistem\Users\deivvvid\.m2\repository\org\openjfx\javafx-controls\19\javafx-controls-19-win.jar;D:\Sistem\Users\deivvvid\.m2\repository\org\openjfx\javafx-graphics\19\javafx-graphics-19.jar;D:\Sistem\Users\deivvvid\.m2\repository\org\openjfx\javafx-graphics\19\javafx-graphics-19-win.jar;D:\Sistem\Users\deivvvid\.m2\repository\org\openjfx\javafx-base\19\javafx-base-19.jar;D:\Sistem\Users\deivvvid\.m2\repository\org\openjfx\javafx-base\19\javafx-base-19-win.jar;D:\Sistem\Users\deivvvid\.m2\repository\org\openjfx\javafx-fxml\19\javafx-fxml-19.jar;D:\Sistem\Users\deivvvid\.m2\repository\org\openjfx\javafx-fxml\19\javafx-fxml-19-win.jar;D:\Sistem\Users\deivvvid\.m2\repository\org\codehaus\plexus\plexus-container-default\2.1.0\plexus-container-default-2.1.0.jar;D:\Sistem\Users\deivvvid\.m2\repository\org\codehaus\plexus\plexus-classworlds\2.6.0\plexus-classworlds-2.6.0.jar;D:\Sistem\Users\deivvvid\.m2\repository\org\apache\xbean\xbean-reflect\3.7\xbean-reflect-3.7.jar;D:\Sistem\Users\deivvvid\.m2\repository\com\google\collections\google-collections\1.0\google-collections-1.0.jar;D:\Sistem\Users\deivvvid\.m2\repository\org\testfx\testfx-core\4.0.15-alpha\testfx-core-4.0.15-alpha.jar;D:\Sistem\Users\deivvvid\.m2\repository\org\hamcrest\hamcrest-core\1.3\hamcrest-core-1.3.jar;D:\Sistem\Users\deivvvid\.m2\repository\org\assertj\assertj-core\3.11.1\assertj-core-3.11.1.jar;"/>
    <property name="java.vm.vendor" value="Eclipse Adoptium"/>
    <property name="sun.arch.data.model" value="64"/>
    <property name="user.variant" value=""/>
    <property name="java.vendor.url" value="https://adoptium.net/"/>
    <property name="user.timezone" value="America/Los_Angeles"/>
    <property name="os.name" value="Windows 10"/>
    <property name="java.vm.specification.version" value="23"/>
    <property name="javafx.version" value="19"/>
    <property name="sun.java.launcher" value="SUN_STANDARD"/>
    <property name="user.country" value="US"/>
    <property name="sun.boot.library.path" value="D:\Sistem\Users\deivvvid\.p2\pool\plugins\org.eclipse.justj.openjdk.hotspot.jre.full.win32.x86_64_23.0.0.v20240919-1706\jre\bin"/>
    <property name="sun.java.command" value="D:\Sistem\Users\deivvvid\AppData\Local\Temp\surefire5682691733590543270\surefirebooter14073800815831543718.jar D:\Sistem\Users\deivvvid\AppData\Local\Temp\surefire5682691733590543270 2024-11-30T06-49-27_673-jvmRun1 surefire7862213383546410997tmp surefire_06237588940045765896tmp"/>
    <property name="jdk.debug" value="release"/>
    <property name="surefire.test.class.path" value="D:\Sistem\Users\deivvvid\eclipse-workspace\poker_tqs\target\test-classes;D:\Sistem\Users\deivvvid\eclipse-workspace\poker_tqs\target\classes;D:\Sistem\Users\deivvvid\.m2\repository\org\junit\jupiter\junit-jupiter-engine\5.8.2\junit-jupiter-engine-5.8.2.jar;D:\Sistem\Users\deivvvid\.m2\repository\org\junit\platform\junit-platform-engine\1.8.2\junit-platform-engine-1.8.2.jar;D:\Sistem\Users\deivvvid\.m2\repository\org\apiguardian\apiguardian-api\1.1.2\apiguardian-api-1.1.2.jar;D:\Sistem\Users\deivvvid\.m2\repository\org\junit\jupiter\junit-jupiter-api\5.8.2\junit-jupiter-api-5.8.2.jar;D:\Sistem\Users\deivvvid\.m2\repository\org\opentest4j\opentest4j\1.2.0\opentest4j-1.2.0.jar;D:\Sistem\Users\deivvvid\.m2\repository\org\junit\platform\junit-platform-commons\1.8.2\junit-platform-commons-1.8.2.jar;D:\Sistem\Users\deivvvid\.m2\repository\org\junit\jupiter\junit-jupiter-params\5.8.2\junit-jupiter-params-5.8.2.jar;D:\Sistem\Users\deivvvid\.m2\repository\org\mockito\mockito-core\4.0.0\mockito-core-4.0.0.jar;D:\Sistem\Users\deivvvid\.m2\repository\net\bytebuddy\byte-buddy\1.11.19\byte-buddy-1.11.19.jar;D:\Sistem\Users\deivvvid\.m2\repository\net\bytebuddy\byte-buddy-agent\1.11.19\byte-buddy-agent-1.11.19.jar;D:\Sistem\Users\deivvvid\.m2\repository\org\objenesis\objenesis\3.2\objenesis-3.2.jar;D:\Sistem\Users\deivvvid\.m2\repository\org\apache\maven\plugins\maven-checkstyle-plugin\3.1.2\maven-checkstyle-plugin-3.1.2.jar;D:\Sistem\Users\deivvvid\.m2\repository\org\apache\maven\maven-artifact\3.0\maven-artifact-3.0.jar;D:\Sistem\Users\deivvvid\.m2\repository\org\apache\maven\maven-core\3.0\maven-core-3.0.jar;D:\Sistem\Users\deivvvid\.m2\repository\org\apache\maven\maven-settings\3.0\maven-settings-3.0.jar;D:\Sistem\Users\deivvvid\.m2\repository\org\apache\maven\maven-settings-builder\3.0\maven-settings-builder-3.0.jar;D:\Sistem\Users\deivvvid\.m2\repository\org\apache\maven\maven-repository-metadata\3.0\maven-repository-metadata-3.0.jar;D:\Sistem\Users\deivvvid\.m2\repository\org\apache\maven\maven-model-builder\3.0\maven-model-builder-3.0.jar;D:\Sistem\Users\deivvvid\.m2\repository\org\apache\maven\maven-aether-provider\3.0\maven-aether-provider-3.0.jar;D:\Sistem\Users\deivvvid\.m2\repository\org\sonatype\aether\aether-impl\1.7\aether-impl-1.7.jar;D:\Sistem\Users\deivvvid\.m2\repository\org\sonatype\aether\aether-spi\1.7\aether-spi-1.7.jar;D:\Sistem\Users\deivvvid\.m2\repository\org\sonatype\aether\aether-api\1.7\aether-api-1.7.jar;D:\Sistem\Users\deivvvid\.m2\repository\org\sonatype\aether\aether-util\1.7\aether-util-1.7.jar;D:\Sistem\Users\deivvvid\.m2\repository\org\sonatype\sisu\sisu-inject-plexus\1.4.2\sisu-inject-plexus-1.4.2.jar;D:\Sistem\Users\deivvvid\.m2\repository\org\sonatype\sisu\sisu-inject-bean\1.4.2\sisu-inject-bean-1.4.2.jar;D:\Sistem\Users\deivvvid\.m2\repository\org\sonatype\sisu\sisu-guice\2.1.7\sisu-guice-2.1.7-noaop.jar;D:\Sistem\Users\deivvvid\.m2\repository\org\sonatype\plexus\plexus-sec-dispatcher\1.3\plexus-sec-dispatcher-1.3.jar;D:\Sistem\Users\deivvvid\.m2\repository\org\sonatype\plexus\plexus-cipher\1.4\plexus-cipher-1.4.jar;D:\Sistem\Users\deivvvid\.m2\repository\org\apache\maven\maven-model\3.0\maven-model-3.0.jar;D:\Sistem\Users\deivvvid\.m2\repository\org\apache\maven\maven-plugin-api\3.0\maven-plugin-api-3.0.jar;D:\Sistem\Users\deivvvid\.m2\repository\org\apache\maven\reporting\maven-reporting-api\3.0\maven-reporting-api-3.0.jar;D:\Sistem\Users\deivvvid\.m2\repository\org\apache\maven\reporting\maven-reporting-impl\2.3\maven-reporting-impl-2.3.jar;D:\Sistem\Users\deivvvid\.m2\repository\commons-validator\commons-validator\1.3.1\commons-validator-1.3.1.jar;D:\Sistem\Users\deivvvid\.m2\repository\org\apache\maven\doxia\doxia-sink-api\1.4\doxia-sink-api-1.4.jar;D:\Sistem\Users\deivvvid\.m2\repository\org\apache\maven\doxia\doxia-logging-api\1.4\doxia-logging-api-1.4.jar;D:\Sistem\Users\deivvvid\.m2\repository\org\apache\maven\doxia\doxia-decoration-model\1.4\doxia-decoration-model-1.4.jar;D:\Sistem\Users\deivvvid\.m2\repository\org\apache\maven\doxia\doxia-site-renderer\1.4\doxia-site-renderer-1.4.jar;D:\Sistem\Users\deivvvid\.m2\repository\org\apache\maven\doxia\doxia-module-xhtml\1.4\doxia-module-xhtml-1.4.jar;D:\Sistem\Users\deivvvid\.m2\repository\org\apache\maven\doxia\doxia-module-fml\1.4\doxia-module-fml-1.4.jar;D:\Sistem\Users\deivvvid\.m2\repository\org\codehaus\plexus\plexus-i18n\1.0-beta-7\plexus-i18n-1.0-beta-7.jar;D:\Sistem\Users\deivvvid\.m2\repository\org\apache\velocity\velocity-tools\2.0\velocity-tools-2.0.jar;D:\Sistem\Users\deivvvid\.m2\repository\dom4j\dom4j\1.1\dom4j-1.1.jar;D:\Sistem\Users\deivvvid\.m2\repository\oro\oro\2.0.8\oro-2.0.8.jar;D:\Sistem\Users\deivvvid\.m2\repository\sslext\sslext\1.2-0\sslext-1.2-0.jar;D:\Sistem\Users\deivvvid\.m2\repository\org\apache\struts\struts-core\1.3.8\struts-core-1.3.8.jar;D:\Sistem\Users\deivvvid\.m2\repository\org\apache\struts\struts-taglib\1.3.8\struts-taglib-1.3.8.jar;D:\Sistem\Users\deivvvid\.m2\repository\org\apache\struts\struts-tiles\1.3.8\struts-tiles-1.3.8.jar;D:\Sistem\Users\deivvvid\.m2\repository\org\apache\maven\doxia\doxia-integration-tools\1.6\doxia-integration-tools-1.6.jar;D:\Sistem\Users\deivvvid\.m2\repository\org\codehaus\plexus\plexus-component-annotations\2.0.0\plexus-component-annotations-2.0.0.jar;D:\Sistem\Users\deivvvid\.m2\repository\org\codehaus\plexus\plexus-resources\1.1.0\plexus-resources-1.1.0.jar;D:\Sistem\Users\deivvvid\.m2\repository\org\codehaus\plexus\plexus-utils\3.3.0\plexus-utils-3.3.0.jar;D:\Sistem\Users\deivvvid\.m2\repository\org\codehaus\plexus\plexus-interpolation\1.26\plexus-interpolation-1.26.jar;D:\Sistem\Users\deivvvid\.m2\repository\org\codehaus\plexus\plexus-velocity\1.2\plexus-velocity-1.2.jar;D:\Sistem\Users\deivvvid\.m2\repository\com\puppycrawl\tools\checkstyle\8.29\checkstyle-8.29.jar;D:\Sistem\Users\deivvvid\.m2\repository\info\picocli\picocli\4.1.4\picocli-4.1.4.jar;D:\Sistem\Users\deivvvid\.m2\repository\antlr\antlr\2.7.7\antlr-2.7.7.jar;D:\Sistem\Users\deivvvid\.m2\repository\org\antlr\antlr4-runtime\4.8-1\antlr4-runtime-4.8-1.jar;D:\Sistem\Users\deivvvid\.m2\repository\com\google\guava\guava\28.2-jre\guava-28.2-jre.jar;D:\Sistem\Users\deivvvid\.m2\repository\com\google\guava\failureaccess\1.0.1\failureaccess-1.0.1.jar;D:\Sistem\Users\deivvvid\.m2\repository\com\google\guava\listenablefuture\9999.0-empty-to-avoid-conflict-with-guava\listenablefuture-9999.0-empty-to-avoid-conflict-with-guava.jar;D:\Sistem\Users\deivvvid\.m2\repository\com\google\code\findbugs\jsr305\3.0.2\jsr305-3.0.2.jar;D:\Sistem\Users\deivvvid\.m2\repository\org\checkerframework\checker-qual\2.10.0\checker-qual-2.10.0.jar;D:\Sistem\Users\deivvvid\.m2\repository\com\google\errorprone\error_prone_annotations\2.3.4\error_prone_annotations-2.3.4.jar;D:\Sistem\Users\deivvvid\.m2\repository\com\google\j2objc\j2objc-annotations\1.3\j2objc-annotations-1.3.jar;D:\Sistem\Users\deivvvid\.m2\repository\net\sf\saxon\Saxon-HE\9.9.1-6\Saxon-HE-9.9.1-6.jar;D:\Sistem\Users\deivvvid\.m2\repository\org\apache\velocity\velocity\1.7\velocity-1.7.jar;D:\Sistem\Users\deivvvid\.m2\repository\commons-lang\commons-lang\2.4\commons-lang-2.4.jar;D:\Sistem\Users\deivvvid\.m2\repository\javax\xml\bind\jaxb-api\2.3.1\jaxb-api-2.3.1.jar;D:\Sistem\Users\deivvvid\.m2\repository\javax\activation\javax.activation-api\1.2.0\javax.activation-api-1.2.0.jar;D:\Sistem\Users\deivvvid\.m2\repository\org\apache\maven\plugins\maven-pmd-plugin\3.14.0\maven-pmd-plugin-3.14.0.jar;D:\Sistem\Users\deivvvid\.m2\repository\org\apache\maven\shared\maven-artifact-transfer\0.11.0\maven-artifact-transfer-0.11.0.jar;D:\Sistem\Users\deivvvid\.m2\repository\org\apache\maven\shared\maven-common-artifact-filters\3.1.0\maven-common-artifact-filters-3.1.0.jar;D:\Sistem\Users\deivvvid\.m2\repository\org\apache\commons\commons-lang3\3.8.1\commons-lang3-3.8.1.jar;D:\Sistem\Users\deivvvid\.m2\repository\net\sourceforge\pmd\pmd-core\6.29.0\pmd-core-6.29.0.jar;D:\Sistem\Users\deivvvid\.m2\repository\com\beust\jcommander\1.48\jcommander-1.48.jar;D:\Sistem\Users\deivvvid\.m2\repository\net\sourceforge\saxon\saxon\9.1.0.8\saxon-9.1.0.8.jar;D:\Sistem\Users\deivvvid\.m2\repository\com\google\code\gson\gson\2.8.5\gson-2.8.5.jar;D:\Sistem\Users\deivvvid\.m2\repository\net\sourceforge\saxon\saxon\9.1.0.8\saxon-9.1.0.8-dom.jar;D:\Sistem\Users\deivvvid\.m2\repository\net\sourceforge\pmd\pmd-java\6.29.0\pmd-java-6.29.0.jar;D:\Sistem\Users\deivvvid\.m2\repository\net\sourceforge\pmd\pmd-javascript\6.29.0\pmd-javascript-6.29.0.jar;D:\Sistem\Users\deivvvid\.m2\repository\org\mozilla\rhino\1.7.7.2\rhino-1.7.7.2.jar;D:\Sistem\Users\deivvvid\.m2\repository\net\sourceforge\pmd\pmd-jsp\6.29.0\pmd-jsp-6.29.0.jar;D:\Sistem\Users\deivvvid\.m2\repository\org\slf4j\jul-to-slf4j\1.7.25\jul-to-slf4j-1.7.25.jar;D:\Sistem\Users\deivvvid\.m2\repository\org\apache\maven\shared\maven-shared-utils\3.2.1\maven-shared-utils-3.2.1.jar;D:\Sistem\Users\deivvvid\.m2\repository\org\apache\httpcomponents\httpclient\4.5.3\httpclient-4.5.3.jar;D:\Sistem\Users\deivvvid\.m2\repository\org\apache\httpcomponents\httpcore\4.4.6\httpcore-4.4.6.jar;D:\Sistem\Users\deivvvid\.m2\repository\commons-logging\commons-logging\1.2\commons-logging-1.2.jar;D:\Sistem\Users\deivvvid\.m2\repository\commons-io\commons-io\2.5\commons-io-2.5.jar;D:\Sistem\Users\deivvvid\.m2\repository\com\github\spotbugs\spotbugs-maven-plugin\4.2.3\spotbugs-maven-plugin-4.2.3.jar;D:\Sistem\Users\deivvvid\.m2\repository\com\github\spotbugs\spotbugs\4.2.3\spotbugs-4.2.3.jar;D:\Sistem\Users\deivvvid\.m2\repository\org\apache\bcel\bcel\6.5.0\bcel-6.5.0.jar;D:\Sistem\Users\deivvvid\.m2\repository\net\jcip\jcip-annotations\1.0\jcip-annotations-1.0.jar;D:\Sistem\Users\deivvvid\.m2\repository\org\dom4j\dom4j\2.1.3\dom4j-2.1.3.jar;D:\Sistem\Users\deivvvid\.m2\repository\org\apache\commons\commons-text\1.9\commons-text-1.9.jar;D:\Sistem\Users\deivvvid\.m2\repository\com\github\spotbugs\spotbugs-annotations\4.2.3\spotbugs-annotations-4.2.3.jar;D:\Sistem\Users\deivvvid\.m2\repository\jaxen\jaxen\1.2.0\jaxen-1.2.0.jar;D:\Sistem\Users\deivvvid\.m2\repository\org\slf4j\jcl-over-slf4j\2.0.0-alpha1\jcl-over-slf4j-2.0.0-alpha1.jar;D:\Sistem\Users\deivvvid\.m2\repository\org\slf4j\slf4j-simple\2.0.0-alpha1\slf4j-simple-2.0.0-alpha1.jar;D:\Sistem\Users\deivvvid\.m2\repository\org\apache\ant\ant\1.10.9\ant-1.10.9.jar;D:\Sistem\Users\deivvvid\.m2\repository\org\apache\ant\ant-launcher\1.10.9\ant-launcher-1.10.9.jar;D:\Sistem\Users\deivvvid\.m2\repository\org\codehaus\groovy\groovy\3.0.7\groovy-3.0.7-indy.jar;D:\Sistem\Users\deivvvid\.m2\repository\org\codehaus\groovy\groovy-ant\3.0.7\groovy-ant-3.0.7-indy.jar;D:\Sistem\Users\deivvvid\.m2\repository\org\codehaus\groovy\groovy-dateutil\3.0.7\groovy-dateutil-3.0.7-indy.jar;D:\Sistem\Users\deivvvid\.m2\repository\org\codehaus\groovy\groovy-docgenerator\3.0.7\groovy-docgenerator-3.0.7-indy.jar;D:\Sistem\Users\deivvvid\.m2\repository\com\thoughtworks\qdox\qdox\1.12.1\qdox-1.12.1.jar;D:\Sistem\Users\deivvvid\.m2\repository\org\codehaus\groovy\groovy-groovydoc\3.0.7\groovy-groovydoc-3.0.7-indy.jar;D:\Sistem\Users\deivvvid\.m2\repository\com\github\javaparser\javaparser-core\3.17.0\javaparser-core-3.17.0.jar;D:\Sistem\Users\deivvvid\.m2\repository\org\codehaus\groovy\groovy-templates\3.0.7\groovy-templates-3.0.7-indy.jar;D:\Sistem\Users\deivvvid\.m2\repository\org\codehaus\groovy\groovy-xml\3.0.7\groovy-xml-3.0.7-indy.jar;D:\Sistem\Users\deivvvid\.m2\repository\org\apache\maven\doxia\doxia-core\1.9.1\doxia-core-1.9.1.jar;D:\Sistem\Users\deivvvid\.m2\repository\commons-beanutils\commons-beanutils\1.9.4\commons-beanutils-1.9.4.jar;D:\Sistem\Users\deivvvid\.m2\repository\commons-chain\commons-chain\1.2\commons-chain-1.2.jar;D:\Sistem\Users\deivvvid\.m2\repository\commons-codec\commons-codec\1.15\commons-codec-1.15.jar;D:\Sistem\Users\deivvvid\.m2\repository\commons-collections\commons-collections\3.2.2\commons-collections-3.2.2.jar;D:\Sistem\Users\deivvvid\.m2\repository\commons-digester\commons-digester\2.1\commons-digester-2.1.jar;D:\Sistem\Users\deivvvid\.m2\repository\org\slf4j\slf4j-api\2.0.0-alpha1\slf4j-api-2.0.0-alpha1.jar;D:\Sistem\Users\deivvvid\.m2\repository\org\ow2\asm\asm\9.1\asm-9.1.jar;D:\Sistem\Users\deivvvid\.m2\repository\org\ow2\asm\asm-analysis\9.1\asm-analysis-9.1.jar;D:\Sistem\Users\deivvvid\.m2\repository\org\ow2\asm\asm-commons\9.1\asm-commons-9.1.jar;D:\Sistem\Users\deivvvid\.m2\repository\org\ow2\asm\asm-tree\9.1\asm-tree-9.1.jar;D:\Sistem\Users\deivvvid\.m2\repository\org\ow2\asm\asm-util\9.1\asm-util-9.1.jar;D:\Sistem\Users\deivvvid\.m2\repository\org\openjfx\javafx-controls\19\javafx-controls-19.jar;D:\Sistem\Users\deivvvid\.m2\repository\org\openjfx\javafx-controls\19\javafx-controls-19-win.jar;D:\Sistem\Users\deivvvid\.m2\repository\org\openjfx\javafx-graphics\19\javafx-graphics-19.jar;D:\Sistem\Users\deivvvid\.m2\repository\org\openjfx\javafx-graphics\19\javafx-graphics-19-win.jar;D:\Sistem\Users\deivvvid\.m2\repository\org\openjfx\javafx-base\19\javafx-base-19.jar;D:\Sistem\Users\deivvvid\.m2\repository\org\openjfx\javafx-base\19\javafx-base-19-win.jar;D:\Sistem\Users\deivvvid\.m2\repository\org\openjfx\javafx-fxml\19\javafx-fxml-19.jar;D:\Sistem\Users\deivvvid\.m2\repository\org\openjfx\javafx-fxml\19\javafx-fxml-19-win.jar;D:\Sistem\Users\deivvvid\.m2\repository\org\codehaus\plexus\plexus-container-default\2.1.0\plexus-container-default-2.1.0.jar;D:\Sistem\Users\deivvvid\.m2\repository\org\codehaus\plexus\plexus-classworlds\2.6.0\plexus-classworlds-2.6.0.jar;D:\Sistem\Users\deivvvid\.m2\repository\org\apache\xbean\xbean-reflect\3.7\xbean-reflect-3.7.jar;D:\Sistem\Users\deivvvid\.m2\repository\com\google\collections\google-collections\1.0\google-collections-1.0.jar;D:\Sistem\Users\deivvvid\.m2\repository\org\testfx\testfx-core\4.0.15-alpha\testfx-core-4.0.15-alpha.jar;D:\Sistem\Users\deivvvid\.m2\repository\org\hamcrest\hamcrest-core\1.3\hamcrest-core-1.3.jar;D:\Sistem\Users\deivvvid\.m2\repository\org\assertj\assertj-core\3.11.1\assertj-core-3.11.1.jar;"/>
    <property name="sun.cpu.endian" value="little"/>
    <property name="user.home" value="D:\Sistem\Users\deivvvid"/>
    <property name="user.language" value="en"/>
    <property name="java.specification.vendor" value="Oracle Corporation"/>
    <property name="java.version.date" value="2024-09-17"/>
    <property name="java.home" value="D:\Sistem\Users\deivvvid\.p2\pool\plugins\org.eclipse.justj.openjdk.hotspot.jre.full.win32.x86_64_23.0.0.v20240919-1706\jre"/>
    <property name="file.separator" value="\"/>
    <property name="basedir" value="D:\Sistem\Users\deivvvid\eclipse-workspace\poker_tqs"/>
    <property name="style.color" value="always"/>
    <property name="java.vm.compressedOopsMode" value="Zero based"/>
    <property name="line.separator" value="&#10;"/>
    <property name="java.vm.specification.vendor" value="Oracle Corporation"/>
    <property name="java.specification.name" value="Java Platform API Specification"/>
    <property name="surefire.real.class.path" value="D:\Sistem\Users\deivvvid\AppData\Local\Temp\surefire5682691733590543270\surefirebooter14073800815831543718.jar"/>
    <property name="user.script" value=""/>
    <property name="sun.management.compiler" value="HotSpot 64-Bit Tiered Compilers"/>
    <property name="java.runtime.version" value="23+37"/>
    <property name="user.name" value="deivvvid"/>
    <property name="stdout.encoding" value="Cp1252"/>
    <property name="path.separator" value=";"/>
    <property name="os.version" value="10.0"/>
    <property name="java.runtime.name" value="OpenJDK Runtime Environment"/>
    <property name="file.encoding" value="UTF-8"/>
    <property name="java.vm.name" value="OpenJDK 64-Bit Server VM"/>
    <property name="java.vendor.version" value="Temurin-23+37"/>
    <property name="localRepository" value="D:\Sistem\Users\deivvvid\.m2\repository"/>
    <property name="java.vendor.url.bug" value="https://github.com/adoptium/adoptium-support/issues"/>
    <property name="java.io.tmpdir" value="D:\Sistem\Users\deivvvid\AppData\Local\Temp\"/>
    <property name="java.version" value="23"/>
    <property name="user.dir" value="D:\Sistem\Users\deivvvid\eclipse-workspace\poker_tqs"/>
    <property name="os.arch" value="amd64"/>
    <property name="java.vm.specification.name" value="Java Virtual Machine Specification"/>
    <property name="sun.os.patch.level" value=""/>
    <property name="native.encoding" value="Cp1252"/>
    <property name="java.library.path" value="D:\Sistem\Users\deivvvid\.p2\pool\plugins\org.eclipse.justj.openjdk.hotspot.jre.full.win32.x86_64_23.0.0.v20240919-1706\jre\bin;C:\Windows\Sun\Java\bin;C:\Windows\system32;C:\Windows;D:/Sistem/Users/deivvvid/.p2/pool/plugins/org.eclipse.justj.openjdk.hotspot.jre.full.win32.x86_64_23.0.0.v20240919-1706/jre/bin/server;D:/Sistem/Users/deivvvid/.p2/pool/plugins/org.eclipse.justj.openjdk.hotspot.jre.full.win32.x86_64_23.0.0.v20240919-1706/jre/bin;C:\Program Files (x86)\NVIDIA Corporation\PhysX\Common;C:\Windows\system32;C:\Windows;C:\Windows\System32\Wbem;C:\Windows\System32\WindowsPowerShell\v1.0\;C:\Windows\System32\OpenSSH\;C:\Program Files\Git\cmd;C:\Program Files\dotnet\;C:\Program Files (x86)\Windows Kits\10\Windows Performance Toolkit\;C:\Program Files\nodejs\;C:\Program Files\Graphviz\bin;C:\Program Files\NVIDIA Corporation\NVIDIA NvDLISR;D:\Sistem\Users\deivvvid\AppData\Local\Microsoft\WindowsApps;;D:\Sistem\Users\deivvvid\AppData\Local\Programs\Microsoft VS Code\bin;D:\Sistem\Users\deivvvid\.dotnet\tools;C:\Program Files\CMake\bin;D:\Sistem\Users\deivvvid\AppData\Roaming\npm;C:\Windows\System32;;."/>
    <property name="java.vm.info" value="mixed mode, sharing"/>
    <property name="stderr.encoding" value="Cp1252"/>
    <property name="java.vendor" value="Eclipse Adoptium"/>
    <property name="java.vm.version" value="23+37"/>
    <property name="sun.io.unicode.encoding" value="UnicodeLittle"/>
    <property name="java.class.version" value="67.0"/>
  </properties>
  <testcase name="testPopulateTopHBox" classname="com.example.pokerapp.view.MainViewTest" time="1.194">
    <system-err><![CDATA[Exception in thread "main" java.lang.UnsupportedOperationException: Applications should not extend the Node class directly.
	at com.sun.javafx.scene.NodeHelper.getHelper(NodeHelper.java:78)
	at com.sun.javafx.scene.NodeHelper.markDirty(NodeHelper.java:100)
	at javafx.scene.Node.computeDerivedDepthTest(Node.java:1776)
	at javafx.scene.Node$2.invalidated(Node.java:969)
	at javafx.beans.property.ObjectPropertyBase.markInvalid(ObjectPropertyBase.java:112)
	at javafx.beans.property.ObjectPropertyBase.set(ObjectPropertyBase.java:147)
	at javafx.scene.Node.setParent(Node.java:941)
	at javafx.scene.Parent$2.onChanged(Parent.java:371)
	at com.sun.javafx.collections.TrackableObservableList.lambda$new$0(TrackableObservableList.java:45)
	at com.sun.javafx.collections.ListListenerHelper$Generic.fireValueChangedEvent(ListListenerHelper.java:329)
	at com.sun.javafx.collections.ListListenerHelper.fireValueChangedEvent(ListListenerHelper.java:73)
	at javafx.collections.ObservableListBase.fireChange(ObservableListBase.java:239)
	at javafx.collections.ListChangeBuilder.commit(ListChangeBuilder.java:482)
	at javafx.collections.ListChangeBuilder.endChange(ListChangeBuilder.java:541)
	at javafx.collections.ObservableListBase.endChange(ObservableListBase.java:211)
	at javafx.collections.ModifiableObservableListBase.add(ModifiableObservableListBase.java:162)
	at java.base/java.util.AbstractList.add(AbstractList.java:113)
	at com.sun.javafx.collections.VetoableListDecorator.add(VetoableListDecorator.java:208)
	at com.example.pokerapp.view.MainView.populateTopHBox(MainView.java:71)
	at com.example.pokerapp.view.MainViewTest.testPopulateTopHBox(MainViewTest.java:33)
	at java.base/jdk.internal.reflect.DirectMethodHandleAccessor.invoke(DirectMethodHandleAccessor.java:103)
	at java.base/java.lang.reflect.Method.invoke(Method.java:580)
	at org.junit.platform.commons.util.ReflectionUtils.invokeMethod(ReflectionUtils.java:725)
	at org.junit.jupiter.engine.execution.MethodInvocation.proceed(MethodInvocation.java:60)
	at org.junit.jupiter.engine.execution.InvocationInterceptorChain$ValidatingInvocation.proceed(InvocationInterceptorChain.java:131)
	at org.junit.jupiter.engine.extension.TimeoutExtension.intercept(TimeoutExtension.java:149)
	at org.junit.jupiter.engine.extension.TimeoutExtension.interceptTestableMethod(TimeoutExtension.java:140)
	at org.junit.jupiter.engine.extension.TimeoutExtension.interceptTestMethod(TimeoutExtension.java:84)
	at org.junit.jupiter.engine.execution.ExecutableInvoker$ReflectiveInterceptorCall.lambda$ofVoidMethod$0(ExecutableInvoker.java:115)
	at org.junit.jupiter.engine.execution.ExecutableInvoker.lambda$invoke$0(ExecutableInvoker.java:105)
	at org.junit.jupiter.engine.execution.InvocationInterceptorChain$InterceptedInvocation.proceed(InvocationInterceptorChain.java:106)
	at org.junit.jupiter.engine.execution.InvocationInterceptorChain.proceed(InvocationInterceptorChain.java:64)
	at org.junit.jupiter.engine.execution.InvocationInterceptorChain.chainAndInvoke(InvocationInterceptorChain.java:45)
	at org.junit.jupiter.engine.execution.InvocationInterceptorChain.invoke(InvocationInterceptorChain.java:37)
	at org.junit.jupiter.engine.execution.ExecutableInvoker.invoke(ExecutableInvoker.java:104)
	at org.junit.jupiter.engine.execution.ExecutableInvoker.invoke(ExecutableInvoker.java:98)
	at org.junit.jupiter.engine.descriptor.TestMethodTestDescriptor.lambda$invokeTestMethod$7(TestMethodTestDescriptor.java:214)
	at org.junit.platform.engine.support.hierarchical.ThrowableCollector.execute(ThrowableCollector.java:73)
	at org.junit.jupiter.engine.descriptor.TestMethodTestDescriptor.invokeTestMethod(TestMethodTestDescriptor.java:210)
	at org.junit.jupiter.engine.descriptor.TestMethodTestDescriptor.execute(TestMethodTestDescriptor.java:135)
	at org.junit.jupiter.engine.descriptor.TestMethodTestDescriptor.execute(TestMethodTestDescriptor.java:66)
	at org.junit.platform.engine.support.hierarchical.NodeTestTask.lambda$executeRecursively$6(NodeTestTask.java:151)
	at org.junit.platform.engine.support.hierarchical.ThrowableCollector.execute(ThrowableCollector.java:73)
	at org.junit.platform.engine.support.hierarchical.NodeTestTask.lambda$executeRecursively$8(NodeTestTask.java:141)
	at org.junit.platform.engine.support.hierarchical.Node.around(Node.java:137)
	at org.junit.platform.engine.support.hierarchical.NodeTestTask.lambda$executeRecursively$9(NodeTestTask.java:139)
	at org.junit.platform.engine.support.hierarchical.ThrowableCollector.execute(ThrowableCollector.java:73)
	at org.junit.platform.engine.support.hierarchical.NodeTestTask.executeRecursively(NodeTestTask.java:138)
	at org.junit.platform.engine.support.hierarchical.NodeTestTask.execute(NodeTestTask.java:95)
	at java.base/java.util.ArrayList.forEach(ArrayList.java:1597)
	at org.junit.platform.engine.support.hierarchical.SameThreadHierarchicalTestExecutorService.invokeAll(SameThreadHierarchicalTestExecutorService.java:41)
	at org.junit.platform.engine.support.hierarchical.NodeTestTask.lambda$executeRecursively$6(NodeTestTask.java:155)
	at org.junit.platform.engine.support.hierarchical.ThrowableCollector.execute(ThrowableCollector.java:73)
	at org.junit.platform.engine.support.hierarchical.NodeTestTask.lambda$executeRecursively$8(NodeTestTask.java:141)
	at org.junit.platform.engine.support.hierarchical.Node.around(Node.java:137)
	at org.junit.platform.engine.support.hierarchical.NodeTestTask.lambda$executeRecursively$9(NodeTestTask.java:139)
	at org.junit.platform.engine.support.hierarchical.ThrowableCollector.execute(ThrowableCollector.java:73)
	at org.junit.platform.engine.support.hierarchical.NodeTestTask.executeRecursively(NodeTestTask.java:138)
	at org.junit.platform.engine.support.hierarchical.NodeTestTask.execute(NodeTestTask.java:95)
	at java.base/java.util.ArrayList.forEach(ArrayList.java:1597)
	at org.junit.platform.engine.support.hierarchical.SameThreadHierarchicalTestExecutorService.invokeAll(SameThreadHierarchicalTestExecutorService.java:41)
	at org.junit.platform.engine.support.hierarchical.NodeTestTask.lambda$executeRecursively$6(NodeTestTask.java:155)
	at org.junit.platform.engine.support.hierarchical.ThrowableCollector.execute(ThrowableCollector.java:73)
	at org.junit.platform.engine.support.hierarchical.NodeTestTask.lambda$executeRecursively$8(NodeTestTask.java:141)
	at org.junit.platform.engine.support.hierarchical.Node.around(Node.java:137)
	at org.junit.platform.engine.support.hierarchical.NodeTestTask.lambda$executeRecursively$9(NodeTestTask.java:139)
	at org.junit.platform.engine.support.hierarchical.ThrowableCollector.execute(ThrowableCollector.java:73)
	at org.junit.platform.engine.support.hierarchical.NodeTestTask.executeRecursively(NodeTestTask.java:138)
	at org.junit.platform.engine.support.hierarchical.NodeTestTask.execute(NodeTestTask.java:95)
	at org.junit.platform.engine.support.hierarchical.SameThreadHierarchicalTestExecutorService.submit(SameThreadHierarchicalTestExecutorService.java:35)
	at org.junit.platform.engine.support.hierarchical.HierarchicalTestExecutor.execute(HierarchicalTestExecutor.java:57)
	at org.junit.platform.engine.support.hierarchical.HierarchicalTestEngine.execute(HierarchicalTestEngine.java:54)
	at org.junit.platform.launcher.core.EngineExecutionOrchestrator.execute(EngineExecutionOrchestrator.java:107)
	at org.junit.platform.launcher.core.EngineExecutionOrchestrator.execute(EngineExecutionOrchestrator.java:88)
	at org.junit.platform.launcher.core.EngineExecutionOrchestrator.lambda$execute$0(EngineExecutionOrchestrator.java:54)
	at org.junit.platform.launcher.core.EngineExecutionOrchestrator.withInterceptedStreams(EngineExecutionOrchestrator.java:67)
	at org.junit.platform.launcher.core.EngineExecutionOrchestrator.execute(EngineExecutionOrchestrator.java:52)
	at org.junit.platform.launcher.core.DefaultLauncher.execute(DefaultLauncher.java:114)
	at org.junit.platform.launcher.core.DefaultLauncher.execute(DefaultLauncher.java:86)
	at org.junit.platform.launcher.core.DefaultLauncherSession$DelegatingLauncher.execute(DefaultLauncherSession.java:86)
	at org.junit.platform.launcher.core.SessionPerRequestLauncher.execute(SessionPerRequestLauncher.java:53)
	at org.apache.maven.surefire.junitplatform.JUnitPlatformProvider.execute(JUnitPlatformProvider.java:188)
	at org.apache.maven.surefire.junitplatform.JUnitPlatformProvider.invokeAllTests(JUnitPlatformProvider.java:154)
	at org.apache.maven.surefire.junitplatform.JUnitPlatformProvider.invoke(JUnitPlatformProvider.java:128)
	at org.apache.maven.surefire.booter.ForkedBooter.runSuitesInProcess(ForkedBooter.java:428)
	at org.apache.maven.surefire.booter.ForkedBooter.execute(ForkedBooter.java:162)
	at org.apache.maven.surefire.booter.ForkedBooter.run(ForkedBooter.java:562)
	at org.apache.maven.surefire.booter.ForkedBooter.main(ForkedBooter.java:548)
Exception in thread "main" java.lang.UnsupportedOperationException: Applications should not extend the Node class directly.
	at com.sun.javafx.scene.NodeHelper.getHelper(NodeHelper.java:78)
	at com.sun.javafx.scene.NodeHelper.markDirty(NodeHelper.java:100)
	at javafx.scene.Node.computeDerivedDepthTest(Node.java:1776)
	at javafx.scene.Node$2.invalidated(Node.java:969)
	at javafx.beans.property.ObjectPropertyBase.markInvalid(ObjectPropertyBase.java:112)
	at javafx.beans.property.ObjectPropertyBase.set(ObjectPropertyBase.java:147)
	at javafx.scene.Node.setParent(Node.java:941)
	at javafx.scene.Parent$2.onChanged(Parent.java:371)
	at com.sun.javafx.collections.TrackableObservableList.lambda$new$0(TrackableObservableList.java:45)
	at com.sun.javafx.collections.ListListenerHelper$Generic.fireValueChangedEvent(ListListenerHelper.java:329)
	at com.sun.javafx.collections.ListListenerHelper.fireValueChangedEvent(ListListenerHelper.java:73)
	at javafx.collections.ObservableListBase.fireChange(ObservableListBase.java:239)
	at javafx.collections.ListChangeBuilder.commit(ListChangeBuilder.java:482)
	at javafx.collections.ListChangeBuilder.endChange(ListChangeBuilder.java:541)
	at javafx.collections.ObservableListBase.endChange(ObservableListBase.java:211)
	at javafx.collections.ModifiableObservableListBase.add(ModifiableObservableListBase.java:162)
	at java.base/java.util.AbstractList.add(AbstractList.java:113)
	at com.sun.javafx.collections.VetoableListDecorator.add(VetoableListDecorator.java:208)
	at com.example.pokerapp.view.MainView.populateTopHBox(MainView.java:71)
	at com.example.pokerapp.view.MainViewTest.testPopulateTopHBox(MainViewTest.java:33)
	at java.base/jdk.internal.reflect.DirectMethodHandleAccessor.invoke(DirectMethodHandleAccessor.java:103)
	at java.base/java.lang.reflect.Method.invoke(Method.java:580)
	at org.junit.platform.commons.util.ReflectionUtils.invokeMethod(ReflectionUtils.java:725)
	at org.junit.jupiter.engine.execution.MethodInvocation.proceed(MethodInvocation.java:60)
	at org.junit.jupiter.engine.execution.InvocationInterceptorChain$ValidatingInvocation.proceed(InvocationInterceptorChain.java:131)
	at org.junit.jupiter.engine.extension.TimeoutExtension.intercept(TimeoutExtension.java:149)
	at org.junit.jupiter.engine.extension.TimeoutExtension.interceptTestableMethod(TimeoutExtension.java:140)
	at org.junit.jupiter.engine.extension.TimeoutExtension.interceptTestMethod(TimeoutExtension.java:84)
	at org.junit.jupiter.engine.execution.ExecutableInvoker$ReflectiveInterceptorCall.lambda$ofVoidMethod$0(ExecutableInvoker.java:115)
	at org.junit.jupiter.engine.execution.ExecutableInvoker.lambda$invoke$0(ExecutableInvoker.java:105)
	at org.junit.jupiter.engine.execution.InvocationInterceptorChain$InterceptedInvocation.proceed(InvocationInterceptorChain.java:106)
	at org.junit.jupiter.engine.execution.InvocationInterceptorChain.proceed(InvocationInterceptorChain.java:64)
	at org.junit.jupiter.engine.execution.InvocationInterceptorChain.chainAndInvoke(InvocationInterceptorChain.java:45)
	at org.junit.jupiter.engine.execution.InvocationInterceptorChain.invoke(InvocationInterceptorChain.java:37)
	at org.junit.jupiter.engine.execution.ExecutableInvoker.invoke(ExecutableInvoker.java:104)
	at org.junit.jupiter.engine.execution.ExecutableInvoker.invoke(ExecutableInvoker.java:98)
	at org.junit.jupiter.engine.descriptor.TestMethodTestDescriptor.lambda$invokeTestMethod$7(TestMethodTestDescriptor.java:214)
	at org.junit.platform.engine.support.hierarchical.ThrowableCollector.execute(ThrowableCollector.java:73)
	at org.junit.jupiter.engine.descriptor.TestMethodTestDescriptor.invokeTestMethod(TestMethodTestDescriptor.java:210)
	at org.junit.jupiter.engine.descriptor.TestMethodTestDescriptor.execute(TestMethodTestDescriptor.java:135)
	at org.junit.jupiter.engine.descriptor.TestMethodTestDescriptor.execute(TestMethodTestDescriptor.java:66)
	at org.junit.platform.engine.support.hierarchical.NodeTestTask.lambda$executeRecursively$6(NodeTestTask.java:151)
	at org.junit.platform.engine.support.hierarchical.ThrowableCollector.execute(ThrowableCollector.java:73)
	at org.junit.platform.engine.support.hierarchical.NodeTestTask.lambda$executeRecursively$8(NodeTestTask.java:141)
	at org.junit.platform.engine.support.hierarchical.Node.around(Node.java:137)
	at org.junit.platform.engine.support.hierarchical.NodeTestTask.lambda$executeRecursively$9(NodeTestTask.java:139)
	at org.junit.platform.engine.support.hierarchical.ThrowableCollector.execute(ThrowableCollector.java:73)
	at org.junit.platform.engine.support.hierarchical.NodeTestTask.executeRecursively(NodeTestTask.java:138)
	at org.junit.platform.engine.support.hierarchical.NodeTestTask.execute(NodeTestTask.java:95)
	at java.base/java.util.ArrayList.forEach(ArrayList.java:1597)
	at org.junit.platform.engine.support.hierarchical.SameThreadHierarchicalTestExecutorService.invokeAll(SameThreadHierarchicalTestExecutorService.java:41)
	at org.junit.platform.engine.support.hierarchical.NodeTestTask.lambda$executeRecursively$6(NodeTestTask.java:155)
	at org.junit.platform.engine.support.hierarchical.ThrowableCollector.execute(ThrowableCollector.java:73)
	at org.junit.platform.engine.support.hierarchical.NodeTestTask.lambda$executeRecursively$8(NodeTestTask.java:141)
	at org.junit.platform.engine.support.hierarchical.Node.around(Node.java:137)
	at org.junit.platform.engine.support.hierarchical.NodeTestTask.lambda$executeRecursively$9(NodeTestTask.java:139)
	at org.junit.platform.engine.support.hierarchical.ThrowableCollector.execute(ThrowableCollector.java:73)
	at org.junit.platform.engine.support.hierarchical.NodeTestTask.executeRecursively(NodeTestTask.java:138)
	at org.junit.platform.engine.support.hierarchical.NodeTestTask.execute(NodeTestTask.java:95)
	at java.base/java.util.ArrayList.forEach(ArrayList.java:1597)
	at org.junit.platform.engine.support.hierarchical.SameThreadHierarchicalTestExecutorService.invokeAll(SameThreadHierarchicalTestExecutorService.java:41)
	at org.junit.platform.engine.support.hierarchical.NodeTestTask.lambda$executeRecursively$6(NodeTestTask.java:155)
	at org.junit.platform.engine.support.hierarchical.ThrowableCollector.execute(ThrowableCollector.java:73)
	at org.junit.platform.engine.support.hierarchical.NodeTestTask.lambda$executeRecursively$8(NodeTestTask.java:141)
	at org.junit.platform.engine.support.hierarchical.Node.around(Node.java:137)
	at org.junit.platform.engine.support.hierarchical.NodeTestTask.lambda$executeRecursively$9(NodeTestTask.java:139)
	at org.junit.platform.engine.support.hierarchical.ThrowableCollector.execute(ThrowableCollector.java:73)
	at org.junit.platform.engine.support.hierarchical.NodeTestTask.executeRecursively(NodeTestTask.java:138)
	at org.junit.platform.engine.support.hierarchical.NodeTestTask.execute(NodeTestTask.java:95)
	at org.junit.platform.engine.support.hierarchical.SameThreadHierarchicalTestExecutorService.submit(SameThreadHierarchicalTestExecutorService.java:35)
	at org.junit.platform.engine.support.hierarchical.HierarchicalTestExecutor.execute(HierarchicalTestExecutor.java:57)
	at org.junit.platform.engine.support.hierarchical.HierarchicalTestEngine.execute(HierarchicalTestEngine.java:54)
	at org.junit.platform.launcher.core.EngineExecutionOrchestrator.execute(EngineExecutionOrchestrator.java:107)
	at org.junit.platform.launcher.core.EngineExecutionOrchestrator.execute(EngineExecutionOrchestrator.java:88)
	at org.junit.platform.launcher.core.EngineExecutionOrchestrator.lambda$execute$0(EngineExecutionOrchestrator.java:54)
	at org.junit.platform.launcher.core.EngineExecutionOrchestrator.withInterceptedStreams(EngineExecutionOrchestrator.java:67)
	at org.junit.platform.launcher.core.EngineExecutionOrchestrator.execute(EngineExecutionOrchestrator.java:52)
	at org.junit.platform.launcher.core.DefaultLauncher.execute(DefaultLauncher.java:114)
	at org.junit.platform.launcher.core.DefaultLauncher.execute(DefaultLauncher.java:86)
	at org.junit.platform.launcher.core.DefaultLauncherSession$DelegatingLauncher.execute(DefaultLauncherSession.java:86)
	at org.junit.platform.launcher.core.SessionPerRequestLauncher.execute(SessionPerRequestLauncher.java:53)
	at org.apache.maven.surefire.junitplatform.JUnitPlatformProvider.execute(JUnitPlatformProvider.java:188)
	at org.apache.maven.surefire.junitplatform.JUnitPlatformProvider.invokeAllTests(JUnitPlatformProvider.java:154)
	at org.apache.maven.surefire.junitplatform.JUnitPlatformProvider.invoke(JUnitPlatformProvider.java:128)
	at org.apache.maven.surefire.booter.ForkedBooter.runSuitesInProcess(ForkedBooter.java:428)
	at org.apache.maven.surefire.booter.ForkedBooter.execute(ForkedBooter.java:162)
	at org.apache.maven.surefire.booter.ForkedBooter.run(ForkedBooter.java:562)
	at org.apache.maven.surefire.booter.ForkedBooter.main(ForkedBooter.java:548)
]]></system-err>
  </testcase>
  <testcase name="testGetTopHBox" classname="com.example.pokerapp.view.MainViewTest" time="0.001"/>
  <testcase name="testAlignmentAndMargins" classname="com.example.pokerapp.view.MainViewTest" time="0.009">
    <error type="java.lang.RuntimeException"><![CDATA[java.lang.RuntimeException: Internal graphics not initialized yet
	at com.example.pokerapp.view.MainViewTest.testAlignmentAndMargins(MainViewTest.java:101)
]]></error>
  </testcase>
  <testcase name="testGetVBox" classname="com.example.pokerapp.view.MainViewTest" time="0.001"/>
  <testcase name="testGetBottomHBox" classname="com.example.pokerapp.view.MainViewTest" time="0"/>
  <testcase name="testCreateViewElements" classname="com.example.pokerapp.view.MainViewTest" time="0.001">
    <error type="java.lang.RuntimeException"><![CDATA[java.lang.RuntimeException: Internal graphics not initialized yet
	at com.example.pokerapp.view.MainViewTest.testCreateViewElements(MainViewTest.java:89)
]]></error>
  </testcase>
  <testcase name="testGetMiddleHBox" classname="com.example.pokerapp.view.MainViewTest" time="0.001"/>
  <testcase name="testPopulateBottomHBox" classname="com.example.pokerapp.view.MainViewTest" time="0.005">
    <system-err><![CDATA[Exception in thread "main" java.lang.UnsupportedOperationException: Applications should not extend the Node class directly.
	at com.sun.javafx.scene.NodeHelper.getHelper(NodeHelper.java:78)
	at com.sun.javafx.scene.NodeHelper.markDirty(NodeHelper.java:100)
	at javafx.scene.Node.computeDerivedDepthTest(Node.java:1776)
	at javafx.scene.Node$2.invalidated(Node.java:969)
	at javafx.beans.property.ObjectPropertyBase.markInvalid(ObjectPropertyBase.java:112)
	at javafx.beans.property.ObjectPropertyBase.set(ObjectPropertyBase.java:147)
	at javafx.scene.Node.setParent(Node.java:941)
	at javafx.scene.Parent$2.onChanged(Parent.java:371)
	at com.sun.javafx.collections.TrackableObservableList.lambda$new$0(TrackableObservableList.java:45)
	at com.sun.javafx.collections.ListListenerHelper$Generic.fireValueChangedEvent(ListListenerHelper.java:329)
	at com.sun.javafx.collections.ListListenerHelper.fireValueChangedEvent(ListListenerHelper.java:73)
	at javafx.collections.ObservableListBase.fireChange(ObservableListBase.java:239)
	at javafx.collections.ListChangeBuilder.commit(ListChangeBuilder.java:482)
	at javafx.collections.ListChangeBuilder.endChange(ListChangeBuilder.java:541)
	at javafx.collections.ObservableListBase.endChange(ObservableListBase.java:211)
	at javafx.collections.ModifiableObservableListBase.add(ModifiableObservableListBase.java:162)
	at java.base/java.util.AbstractList.add(AbstractList.java:113)
	at com.sun.javafx.collections.VetoableListDecorator.add(VetoableListDecorator.java:208)
	at com.example.pokerapp.view.MainView.populateBottomHBox(MainView.java:85)
	at com.example.pokerapp.view.MainViewTest.testPopulateBottomHBox(MainViewTest.java:66)
	at java.base/jdk.internal.reflect.DirectMethodHandleAccessor.invoke(DirectMethodHandleAccessor.java:103)
	at java.base/java.lang.reflect.Method.invoke(Method.java:580)
	at org.junit.platform.commons.util.ReflectionUtils.invokeMethod(ReflectionUtils.java:725)
	at org.junit.jupiter.engine.execution.MethodInvocation.proceed(MethodInvocation.java:60)
	at org.junit.jupiter.engine.execution.InvocationInterceptorChain$ValidatingInvocation.proceed(InvocationInterceptorChain.java:131)
	at org.junit.jupiter.engine.extension.TimeoutExtension.intercept(TimeoutExtension.java:149)
	at org.junit.jupiter.engine.extension.TimeoutExtension.interceptTestableMethod(TimeoutExtension.java:140)
	at org.junit.jupiter.engine.extension.TimeoutExtension.interceptTestMethod(TimeoutExtension.java:84)
	at org.junit.jupiter.engine.execution.ExecutableInvoker$ReflectiveInterceptorCall.lambda$ofVoidMethod$0(ExecutableInvoker.java:115)
	at org.junit.jupiter.engine.execution.ExecutableInvoker.lambda$invoke$0(ExecutableInvoker.java:105)
	at org.junit.jupiter.engine.execution.InvocationInterceptorChain$InterceptedInvocation.proceed(InvocationInterceptorChain.java:106)
	at org.junit.jupiter.engine.execution.InvocationInterceptorChain.proceed(InvocationInterceptorChain.java:64)
	at org.junit.jupiter.engine.execution.InvocationInterceptorChain.chainAndInvoke(InvocationInterceptorChain.java:45)
	at org.junit.jupiter.engine.execution.InvocationInterceptorChain.invoke(InvocationInterceptorChain.java:37)
	at org.junit.jupiter.engine.execution.ExecutableInvoker.invoke(ExecutableInvoker.java:104)
	at org.junit.jupiter.engine.execution.ExecutableInvoker.invoke(ExecutableInvoker.java:98)
	at org.junit.jupiter.engine.descriptor.TestMethodTestDescriptor.lambda$invokeTestMethod$7(TestMethodTestDescriptor.java:214)
	at org.junit.platform.engine.support.hierarchical.ThrowableCollector.execute(ThrowableCollector.java:73)
	at org.junit.jupiter.engine.descriptor.TestMethodTestDescriptor.invokeTestMethod(TestMethodTestDescriptor.java:210)
	at org.junit.jupiter.engine.descriptor.TestMethodTestDescriptor.execute(TestMethodTestDescriptor.java:135)
	at org.junit.jupiter.engine.descriptor.TestMethodTestDescriptor.execute(TestMethodTestDescriptor.java:66)
	at org.junit.platform.engine.support.hierarchical.NodeTestTask.lambda$executeRecursively$6(NodeTestTask.java:151)
	at org.junit.platform.engine.support.hierarchical.ThrowableCollector.execute(ThrowableCollector.java:73)
	at org.junit.platform.engine.support.hierarchical.NodeTestTask.lambda$executeRecursively$8(NodeTestTask.java:141)
	at org.junit.platform.engine.support.hierarchical.Node.around(Node.java:137)
	at org.junit.platform.engine.support.hierarchical.NodeTestTask.lambda$executeRecursively$9(NodeTestTask.java:139)
	at org.junit.platform.engine.support.hierarchical.ThrowableCollector.execute(ThrowableCollector.java:73)
	at org.junit.platform.engine.support.hierarchical.NodeTestTask.executeRecursively(NodeTestTask.java:138)
	at org.junit.platform.engine.support.hierarchical.NodeTestTask.execute(NodeTestTask.java:95)
	at java.base/java.util.ArrayList.forEach(ArrayList.java:1597)
	at org.junit.platform.engine.support.hierarchical.SameThreadHierarchicalTestExecutorService.invokeAll(SameThreadHierarchicalTestExecutorService.java:41)
	at org.junit.platform.engine.support.hierarchical.NodeTestTask.lambda$executeRecursively$6(NodeTestTask.java:155)
	at org.junit.platform.engine.support.hierarchical.ThrowableCollector.execute(ThrowableCollector.java:73)
	at org.junit.platform.engine.support.hierarchical.NodeTestTask.lambda$executeRecursively$8(NodeTestTask.java:141)
	at org.junit.platform.engine.support.hierarchical.Node.around(Node.java:137)
	at org.junit.platform.engine.support.hierarchical.NodeTestTask.lambda$executeRecursively$9(NodeTestTask.java:139)
	at org.junit.platform.engine.support.hierarchical.ThrowableCollector.execute(ThrowableCollector.java:73)
	at org.junit.platform.engine.support.hierarchical.NodeTestTask.executeRecursively(NodeTestTask.java:138)
	at org.junit.platform.engine.support.hierarchical.NodeTestTask.execute(NodeTestTask.java:95)
	at java.base/java.util.ArrayList.forEach(ArrayList.java:1597)
	at org.junit.platform.engine.support.hierarchical.SameThreadHierarchicalTestExecutorService.invokeAll(SameThreadHierarchicalTestExecutorService.java:41)
	at org.junit.platform.engine.support.hierarchical.NodeTestTask.lambda$executeRecursively$6(NodeTestTask.java:155)
	at org.junit.platform.engine.support.hierarchical.ThrowableCollector.execute(ThrowableCollector.java:73)
	at org.junit.platform.engine.support.hierarchical.NodeTestTask.lambda$executeRecursively$8(NodeTestTask.java:141)
	at org.junit.platform.engine.support.hierarchical.Node.around(Node.java:137)
	at org.junit.platform.engine.support.hierarchical.NodeTestTask.lambda$executeRecursively$9(NodeTestTask.java:139)
	at org.junit.platform.engine.support.hierarchical.ThrowableCollector.execute(ThrowableCollector.java:73)
	at org.junit.platform.engine.support.hierarchical.NodeTestTask.executeRecursively(NodeTestTask.java:138)
	at org.junit.platform.engine.support.hierarchical.NodeTestTask.execute(NodeTestTask.java:95)
	at org.junit.platform.engine.support.hierarchical.SameThreadHierarchicalTestExecutorService.submit(SameThreadHierarchicalTestExecutorService.java:35)
	at org.junit.platform.engine.support.hierarchical.HierarchicalTestExecutor.execute(HierarchicalTestExecutor.java:57)
	at org.junit.platform.engine.support.hierarchical.HierarchicalTestEngine.execute(HierarchicalTestEngine.java:54)
	at org.junit.platform.launcher.core.EngineExecutionOrchestrator.execute(EngineExecutionOrchestrator.java:107)
	at org.junit.platform.launcher.core.EngineExecutionOrchestrator.execute(EngineExecutionOrchestrator.java:88)
	at org.junit.platform.launcher.core.EngineExecutionOrchestrator.lambda$execute$0(EngineExecutionOrchestrator.java:54)
	at org.junit.platform.launcher.core.EngineExecutionOrchestrator.withInterceptedStreams(EngineExecutionOrchestrator.java:67)
	at org.junit.platform.launcher.core.EngineExecutionOrchestrator.execute(EngineExecutionOrchestrator.java:52)
	at org.junit.platform.launcher.core.DefaultLauncher.execute(DefaultLauncher.java:114)
	at org.junit.platform.launcher.core.DefaultLauncher.execute(DefaultLauncher.java:86)
	at org.junit.platform.launcher.core.DefaultLauncherSession$DelegatingLauncher.execute(DefaultLauncherSession.java:86)
	at org.junit.platform.launcher.core.SessionPerRequestLauncher.execute(SessionPerRequestLauncher.java:53)
	at org.apache.maven.surefire.junitplatform.JUnitPlatformProvider.execute(JUnitPlatformProvider.java:188)
	at org.apache.maven.surefire.junitplatform.JUnitPlatformProvider.invokeAllTests(JUnitPlatformProvider.java:154)
	at org.apache.maven.surefire.junitplatform.JUnitPlatformProvider.invoke(JUnitPlatformProvider.java:128)
	at org.apache.maven.surefire.booter.ForkedBooter.runSuitesInProcess(ForkedBooter.java:428)
	at org.apache.maven.surefire.booter.ForkedBooter.execute(ForkedBooter.java:162)
	at org.apache.maven.surefire.booter.ForkedBooter.run(ForkedBooter.java:562)
	at org.apache.maven.surefire.booter.ForkedBooter.main(ForkedBooter.java:548)
Exception in thread "main" java.lang.UnsupportedOperationException: Applications should not extend the Node class directly.
	at com.sun.javafx.scene.NodeHelper.getHelper(NodeHelper.java:78)
	at com.sun.javafx.scene.NodeHelper.markDirty(NodeHelper.java:100)
	at javafx.scene.Node.computeDerivedDepthTest(Node.java:1776)
	at javafx.scene.Node$2.invalidated(Node.java:969)
	at javafx.beans.property.ObjectPropertyBase.markInvalid(ObjectPropertyBase.java:112)
	at javafx.beans.property.ObjectPropertyBase.set(ObjectPropertyBase.java:147)
	at javafx.scene.Node.setParent(Node.java:941)
	at javafx.scene.Parent$2.onChanged(Parent.java:371)
	at com.sun.javafx.collections.TrackableObservableList.lambda$new$0(TrackableObservableList.java:45)
	at com.sun.javafx.collections.ListListenerHelper$Generic.fireValueChangedEvent(ListListenerHelper.java:329)
	at com.sun.javafx.collections.ListListenerHelper.fireValueChangedEvent(ListListenerHelper.java:73)
	at javafx.collections.ObservableListBase.fireChange(ObservableListBase.java:239)
	at javafx.collections.ListChangeBuilder.commit(ListChangeBuilder.java:482)
	at javafx.collections.ListChangeBuilder.endChange(ListChangeBuilder.java:541)
	at javafx.collections.ObservableListBase.endChange(ObservableListBase.java:211)
	at javafx.collections.ModifiableObservableListBase.add(ModifiableObservableListBase.java:162)
	at java.base/java.util.AbstractList.add(AbstractList.java:113)
	at com.sun.javafx.collections.VetoableListDecorator.add(VetoableListDecorator.java:208)
	at com.example.pokerapp.view.MainView.populateBottomHBox(MainView.java:85)
	at com.example.pokerapp.view.MainViewTest.testPopulateBottomHBox(MainViewTest.java:66)
	at java.base/jdk.internal.reflect.DirectMethodHandleAccessor.invoke(DirectMethodHandleAccessor.java:103)
	at java.base/java.lang.reflect.Method.invoke(Method.java:580)
	at org.junit.platform.commons.util.ReflectionUtils.invokeMethod(ReflectionUtils.java:725)
	at org.junit.jupiter.engine.execution.MethodInvocation.proceed(MethodInvocation.java:60)
	at org.junit.jupiter.engine.execution.InvocationInterceptorChain$ValidatingInvocation.proceed(InvocationInterceptorChain.java:131)
	at org.junit.jupiter.engine.extension.TimeoutExtension.intercept(TimeoutExtension.java:149)
	at org.junit.jupiter.engine.extension.TimeoutExtension.interceptTestableMethod(TimeoutExtension.java:140)
	at org.junit.jupiter.engine.extension.TimeoutExtension.interceptTestMethod(TimeoutExtension.java:84)
	at org.junit.jupiter.engine.execution.ExecutableInvoker$ReflectiveInterceptorCall.lambda$ofVoidMethod$0(ExecutableInvoker.java:115)
	at org.junit.jupiter.engine.execution.ExecutableInvoker.lambda$invoke$0(ExecutableInvoker.java:105)
	at org.junit.jupiter.engine.execution.InvocationInterceptorChain$InterceptedInvocation.proceed(InvocationInterceptorChain.java:106)
	at org.junit.jupiter.engine.execution.InvocationInterceptorChain.proceed(InvocationInterceptorChain.java:64)
	at org.junit.jupiter.engine.execution.InvocationInterceptorChain.chainAndInvoke(InvocationInterceptorChain.java:45)
	at org.junit.jupiter.engine.execution.InvocationInterceptorChain.invoke(InvocationInterceptorChain.java:37)
	at org.junit.jupiter.engine.execution.ExecutableInvoker.invoke(ExecutableInvoker.java:104)
	at org.junit.jupiter.engine.execution.ExecutableInvoker.invoke(ExecutableInvoker.java:98)
	at org.junit.jupiter.engine.descriptor.TestMethodTestDescriptor.lambda$invokeTestMethod$7(TestMethodTestDescriptor.java:214)
	at org.junit.platform.engine.support.hierarchical.ThrowableCollector.execute(ThrowableCollector.java:73)
	at org.junit.jupiter.engine.descriptor.TestMethodTestDescriptor.invokeTestMethod(TestMethodTestDescriptor.java:210)
	at org.junit.jupiter.engine.descriptor.TestMethodTestDescriptor.execute(TestMethodTestDescriptor.java:135)
	at org.junit.jupiter.engine.descriptor.TestMethodTestDescriptor.execute(TestMethodTestDescriptor.java:66)
	at org.junit.platform.engine.support.hierarchical.NodeTestTask.lambda$executeRecursively$6(NodeTestTask.java:151)
	at org.junit.platform.engine.support.hierarchical.ThrowableCollector.execute(ThrowableCollector.java:73)
	at org.junit.platform.engine.support.hierarchical.NodeTestTask.lambda$executeRecursively$8(NodeTestTask.java:141)
	at org.junit.platform.engine.support.hierarchical.Node.around(Node.java:137)
	at org.junit.platform.engine.support.hierarchical.NodeTestTask.lambda$executeRecursively$9(NodeTestTask.java:139)
	at org.junit.platform.engine.support.hierarchical.ThrowableCollector.execute(ThrowableCollector.java:73)
	at org.junit.platform.engine.support.hierarchical.NodeTestTask.executeRecursively(NodeTestTask.java:138)
	at org.junit.platform.engine.support.hierarchical.NodeTestTask.execute(NodeTestTask.java:95)
	at java.base/java.util.ArrayList.forEach(ArrayList.java:1597)
	at org.junit.platform.engine.support.hierarchical.SameThreadHierarchicalTestExecutorService.invokeAll(SameThreadHierarchicalTestExecutorService.java:41)
	at org.junit.platform.engine.support.hierarchical.NodeTestTask.lambda$executeRecursively$6(NodeTestTask.java:155)
	at org.junit.platform.engine.support.hierarchical.ThrowableCollector.execute(ThrowableCollector.java:73)
	at org.junit.platform.engine.support.hierarchical.NodeTestTask.lambda$executeRecursively$8(NodeTestTask.java:141)
	at org.junit.platform.engine.support.hierarchical.Node.around(Node.java:137)
	at org.junit.platform.engine.support.hierarchical.NodeTestTask.lambda$executeRecursively$9(NodeTestTask.java:139)
	at org.junit.platform.engine.support.hierarchical.ThrowableCollector.execute(ThrowableCollector.java:73)
	at org.junit.platform.engine.support.hierarchical.NodeTestTask.executeRecursively(NodeTestTask.java:138)
	at org.junit.platform.engine.support.hierarchical.NodeTestTask.execute(NodeTestTask.java:95)
	at java.base/java.util.ArrayList.forEach(ArrayList.java:1597)
	at org.junit.platform.engine.support.hierarchical.SameThreadHierarchicalTestExecutorService.invokeAll(SameThreadHierarchicalTestExecutorService.java:41)
	at org.junit.platform.engine.support.hierarchical.NodeTestTask.lambda$executeRecursively$6(NodeTestTask.java:155)
	at org.junit.platform.engine.support.hierarchical.ThrowableCollector.execute(ThrowableCollector.java:73)
	at org.junit.platform.engine.support.hierarchical.NodeTestTask.lambda$executeRecursively$8(NodeTestTask.java:141)
	at org.junit.platform.engine.support.hierarchical.Node.around(Node.java:137)
	at org.junit.platform.engine.support.hierarchical.NodeTestTask.lambda$executeRecursively$9(NodeTestTask.java:139)
	at org.junit.platform.engine.support.hierarchical.ThrowableCollector.execute(ThrowableCollector.java:73)
	at org.junit.platform.engine.support.hierarchical.NodeTestTask.executeRecursively(NodeTestTask.java:138)
	at org.junit.platform.engine.support.hierarchical.NodeTestTask.execute(NodeTestTask.java:95)
	at org.junit.platform.engine.support.hierarchical.SameThreadHierarchicalTestExecutorService.submit(SameThreadHierarchicalTestExecutorService.java:35)
	at org.junit.platform.engine.support.hierarchical.HierarchicalTestExecutor.execute(HierarchicalTestExecutor.java:57)
	at org.junit.platform.engine.support.hierarchical.HierarchicalTestEngine.execute(HierarchicalTestEngine.java:54)
	at org.junit.platform.launcher.core.EngineExecutionOrchestrator.execute(EngineExecutionOrchestrator.java:107)
	at org.junit.platform.launcher.core.EngineExecutionOrchestrator.execute(EngineExecutionOrchestrator.java:88)
	at org.junit.platform.launcher.core.EngineExecutionOrchestrator.lambda$execute$0(EngineExecutionOrchestrator.java:54)
	at org.junit.platform.launcher.core.EngineExecutionOrchestrator.withInterceptedStreams(EngineExecutionOrchestrator.java:67)
	at org.junit.platform.launcher.core.EngineExecutionOrchestrator.execute(EngineExecutionOrchestrator.java:52)
	at org.junit.platform.launcher.core.DefaultLauncher.execute(DefaultLauncher.java:114)
	at org.junit.platform.launcher.core.DefaultLauncher.execute(DefaultLauncher.java:86)
	at org.junit.platform.launcher.core.DefaultLauncherSession$DelegatingLauncher.execute(DefaultLauncherSession.java:86)
	at org.junit.platform.launcher.core.SessionPerRequestLauncher.execute(SessionPerRequestLauncher.java:53)
	at org.apache.maven.surefire.junitplatform.JUnitPlatformProvider.execute(JUnitPlatformProvider.java:188)
	at org.apache.maven.surefire.junitplatform.JUnitPlatformProvider.invokeAllTests(JUnitPlatformProvider.java:154)
	at org.apache.maven.surefire.junitplatform.JUnitPlatformProvider.invoke(JUnitPlatformProvider.java:128)
	at org.apache.maven.surefire.booter.ForkedBooter.runSuitesInProcess(ForkedBooter.java:428)
	at org.apache.maven.surefire.booter.ForkedBooter.execute(ForkedBooter.java:162)
	at org.apache.maven.surefire.booter.ForkedBooter.run(ForkedBooter.java:562)
	at org.apache.maven.surefire.booter.ForkedBooter.main(ForkedBooter.java:548)
]]></system-err>
  </testcase>
  <testcase name="testCreateImageView" classname="com.example.pokerapp.view.MainViewTest" time="0.044"/>
  <testcase name="testGetCardHeight" classname="com.example.pokerapp.view.MainViewTest" time="0"/>
  <testcase name="testPopulateMiddleHBox" classname="com.example.pokerapp.view.MainViewTest" time="0.003">
    <system-err><![CDATA[Exception in thread "main" java.lang.UnsupportedOperationException: Applications should not extend the Node class directly.
	at com.sun.javafx.scene.NodeHelper.getHelper(NodeHelper.java:78)
	at com.sun.javafx.scene.NodeHelper.markDirty(NodeHelper.java:100)
	at javafx.scene.Node.computeDerivedDepthTest(Node.java:1776)
	at javafx.scene.Node$2.invalidated(Node.java:969)
	at javafx.beans.property.ObjectPropertyBase.markInvalid(ObjectPropertyBase.java:112)
	at javafx.beans.property.ObjectPropertyBase.set(ObjectPropertyBase.java:147)
	at javafx.scene.Node.setParent(Node.java:941)
	at javafx.scene.Parent$2.onChanged(Parent.java:371)
	at com.sun.javafx.collections.TrackableObservableList.lambda$new$0(TrackableObservableList.java:45)
	at com.sun.javafx.collections.ListListenerHelper$Generic.fireValueChangedEvent(ListListenerHelper.java:329)
	at com.sun.javafx.collections.ListListenerHelper.fireValueChangedEvent(ListListenerHelper.java:73)
	at javafx.collections.ObservableListBase.fireChange(ObservableListBase.java:239)
	at javafx.collections.ListChangeBuilder.commit(ListChangeBuilder.java:482)
	at javafx.collections.ListChangeBuilder.endChange(ListChangeBuilder.java:541)
	at javafx.collections.ObservableListBase.endChange(ObservableListBase.java:211)
	at javafx.collections.ModifiableObservableListBase.add(ModifiableObservableListBase.java:162)
	at java.base/java.util.AbstractList.add(AbstractList.java:113)
	at com.sun.javafx.collections.VetoableListDecorator.add(VetoableListDecorator.java:208)
	at com.example.pokerapp.view.MainView.populateMiddleHBox(MainView.java:78)
	at com.example.pokerapp.view.MainViewTest.testPopulateMiddleHBox(MainViewTest.java:49)
	at java.base/jdk.internal.reflect.DirectMethodHandleAccessor.invoke(DirectMethodHandleAccessor.java:103)
	at java.base/java.lang.reflect.Method.invoke(Method.java:580)
	at org.junit.platform.commons.util.ReflectionUtils.invokeMethod(ReflectionUtils.java:725)
	at org.junit.jupiter.engine.execution.MethodInvocation.proceed(MethodInvocation.java:60)
	at org.junit.jupiter.engine.execution.InvocationInterceptorChain$ValidatingInvocation.proceed(InvocationInterceptorChain.java:131)
	at org.junit.jupiter.engine.extension.TimeoutExtension.intercept(TimeoutExtension.java:149)
	at org.junit.jupiter.engine.extension.TimeoutExtension.interceptTestableMethod(TimeoutExtension.java:140)
	at org.junit.jupiter.engine.extension.TimeoutExtension.interceptTestMethod(TimeoutExtension.java:84)
	at org.junit.jupiter.engine.execution.ExecutableInvoker$ReflectiveInterceptorCall.lambda$ofVoidMethod$0(ExecutableInvoker.java:115)
	at org.junit.jupiter.engine.execution.ExecutableInvoker.lambda$invoke$0(ExecutableInvoker.java:105)
	at org.junit.jupiter.engine.execution.InvocationInterceptorChain$InterceptedInvocation.proceed(InvocationInterceptorChain.java:106)
	at org.junit.jupiter.engine.execution.InvocationInterceptorChain.proceed(InvocationInterceptorChain.java:64)
	at org.junit.jupiter.engine.execution.InvocationInterceptorChain.chainAndInvoke(InvocationInterceptorChain.java:45)
	at org.junit.jupiter.engine.execution.InvocationInterceptorChain.invoke(InvocationInterceptorChain.java:37)
	at org.junit.jupiter.engine.execution.ExecutableInvoker.invoke(ExecutableInvoker.java:104)
	at org.junit.jupiter.engine.execution.ExecutableInvoker.invoke(ExecutableInvoker.java:98)
	at org.junit.jupiter.engine.descriptor.TestMethodTestDescriptor.lambda$invokeTestMethod$7(TestMethodTestDescriptor.java:214)
	at org.junit.platform.engine.support.hierarchical.ThrowableCollector.execute(ThrowableCollector.java:73)
	at org.junit.jupiter.engine.descriptor.TestMethodTestDescriptor.invokeTestMethod(TestMethodTestDescriptor.java:210)
	at org.junit.jupiter.engine.descriptor.TestMethodTestDescriptor.execute(TestMethodTestDescriptor.java:135)
	at org.junit.jupiter.engine.descriptor.TestMethodTestDescriptor.execute(TestMethodTestDescriptor.java:66)
	at org.junit.platform.engine.support.hierarchical.NodeTestTask.lambda$executeRecursively$6(NodeTestTask.java:151)
	at org.junit.platform.engine.support.hierarchical.ThrowableCollector.execute(ThrowableCollector.java:73)
	at org.junit.platform.engine.support.hierarchical.NodeTestTask.lambda$executeRecursively$8(NodeTestTask.java:141)
	at org.junit.platform.engine.support.hierarchical.Node.around(Node.java:137)
	at org.junit.platform.engine.support.hierarchical.NodeTestTask.lambda$executeRecursively$9(NodeTestTask.java:139)
	at org.junit.platform.engine.support.hierarchical.ThrowableCollector.execute(ThrowableCollector.java:73)
	at org.junit.platform.engine.support.hierarchical.NodeTestTask.executeRecursively(NodeTestTask.java:138)
	at org.junit.platform.engine.support.hierarchical.NodeTestTask.execute(NodeTestTask.java:95)
	at java.base/java.util.ArrayList.forEach(ArrayList.java:1597)
	at org.junit.platform.engine.support.hierarchical.SameThreadHierarchicalTestExecutorService.invokeAll(SameThreadHierarchicalTestExecutorService.java:41)
	at org.junit.platform.engine.support.hierarchical.NodeTestTask.lambda$executeRecursively$6(NodeTestTask.java:155)
	at org.junit.platform.engine.support.hierarchical.ThrowableCollector.execute(ThrowableCollector.java:73)
	at org.junit.platform.engine.support.hierarchical.NodeTestTask.lambda$executeRecursively$8(NodeTestTask.java:141)
	at org.junit.platform.engine.support.hierarchical.Node.around(Node.java:137)
	at org.junit.platform.engine.support.hierarchical.NodeTestTask.lambda$executeRecursively$9(NodeTestTask.java:139)
	at org.junit.platform.engine.support.hierarchical.ThrowableCollector.execute(ThrowableCollector.java:73)
	at org.junit.platform.engine.support.hierarchical.NodeTestTask.executeRecursively(NodeTestTask.java:138)
	at org.junit.platform.engine.support.hierarchical.NodeTestTask.execute(NodeTestTask.java:95)
	at java.base/java.util.ArrayList.forEach(ArrayList.java:1597)
	at org.junit.platform.engine.support.hierarchical.SameThreadHierarchicalTestExecutorService.invokeAll(SameThreadHierarchicalTestExecutorService.java:41)
	at org.junit.platform.engine.support.hierarchical.NodeTestTask.lambda$executeRecursively$6(NodeTestTask.java:155)
	at org.junit.platform.engine.support.hierarchical.ThrowableCollector.execute(ThrowableCollector.java:73)
	at org.junit.platform.engine.support.hierarchical.NodeTestTask.lambda$executeRecursively$8(NodeTestTask.java:141)
	at org.junit.platform.engine.support.hierarchical.Node.around(Node.java:137)
	at org.junit.platform.engine.support.hierarchical.NodeTestTask.lambda$executeRecursively$9(NodeTestTask.java:139)
	at org.junit.platform.engine.support.hierarchical.ThrowableCollector.execute(ThrowableCollector.java:73)
	at org.junit.platform.engine.support.hierarchical.NodeTestTask.executeRecursively(NodeTestTask.java:138)
	at org.junit.platform.engine.support.hierarchical.NodeTestTask.execute(NodeTestTask.java:95)
	at org.junit.platform.engine.support.hierarchical.SameThreadHierarchicalTestExecutorService.submit(SameThreadHierarchicalTestExecutorService.java:35)
	at org.junit.platform.engine.support.hierarchical.HierarchicalTestExecutor.execute(HierarchicalTestExecutor.java:57)
	at org.junit.platform.engine.support.hierarchical.HierarchicalTestEngine.execute(HierarchicalTestEngine.java:54)
	at org.junit.platform.launcher.core.EngineExecutionOrchestrator.execute(EngineExecutionOrchestrator.java:107)
	at org.junit.platform.launcher.core.EngineExecutionOrchestrator.execute(EngineExecutionOrchestrator.java:88)
	at org.junit.platform.launcher.core.EngineExecutionOrchestrator.lambda$execute$0(EngineExecutionOrchestrator.java:54)
	at org.junit.platform.launcher.core.EngineExecutionOrchestrator.withInterceptedStreams(EngineExecutionOrchestrator.java:67)
	at org.junit.platform.launcher.core.EngineExecutionOrchestrator.execute(EngineExecutionOrchestrator.java:52)
	at org.junit.platform.launcher.core.DefaultLauncher.execute(DefaultLauncher.java:114)
	at org.junit.platform.launcher.core.DefaultLauncher.execute(DefaultLauncher.java:86)
	at org.junit.platform.launcher.core.DefaultLauncherSession$DelegatingLauncher.execute(DefaultLauncherSession.java:86)
	at org.junit.platform.launcher.core.SessionPerRequestLauncher.execute(SessionPerRequestLauncher.java:53)
	at org.apache.maven.surefire.junitplatform.JUnitPlatformProvider.execute(JUnitPlatformProvider.java:188)
	at org.apache.maven.surefire.junitplatform.JUnitPlatformProvider.invokeAllTests(JUnitPlatformProvider.java:154)
	at org.apache.maven.surefire.junitplatform.JUnitPlatformProvider.invoke(JUnitPlatformProvider.java:128)
	at org.apache.maven.surefire.booter.ForkedBooter.runSuitesInProcess(ForkedBooter.java:428)
	at org.apache.maven.surefire.booter.ForkedBooter.execute(ForkedBooter.java:162)
	at org.apache.maven.surefire.booter.ForkedBooter.run(ForkedBooter.java:562)
	at org.apache.maven.surefire.booter.ForkedBooter.main(ForkedBooter.java:548)
Exception in thread "main" java.lang.UnsupportedOperationException: Applications should not extend the Node class directly.
	at com.sun.javafx.scene.NodeHelper.getHelper(NodeHelper.java:78)
	at com.sun.javafx.scene.NodeHelper.markDirty(NodeHelper.java:100)
	at javafx.scene.Node.computeDerivedDepthTest(Node.java:1776)
	at javafx.scene.Node$2.invalidated(Node.java:969)
	at javafx.beans.property.ObjectPropertyBase.markInvalid(ObjectPropertyBase.java:112)
	at javafx.beans.property.ObjectPropertyBase.set(ObjectPropertyBase.java:147)
	at javafx.scene.Node.setParent(Node.java:941)
	at javafx.scene.Parent$2.onChanged(Parent.java:371)
	at com.sun.javafx.collections.TrackableObservableList.lambda$new$0(TrackableObservableList.java:45)
	at com.sun.javafx.collections.ListListenerHelper$Generic.fireValueChangedEvent(ListListenerHelper.java:329)
	at com.sun.javafx.collections.ListListenerHelper.fireValueChangedEvent(ListListenerHelper.java:73)
	at javafx.collections.ObservableListBase.fireChange(ObservableListBase.java:239)
	at javafx.collections.ListChangeBuilder.commit(ListChangeBuilder.java:482)
	at javafx.collections.ListChangeBuilder.endChange(ListChangeBuilder.java:541)
	at javafx.collections.ObservableListBase.endChange(ObservableListBase.java:211)
	at javafx.collections.ModifiableObservableListBase.add(ModifiableObservableListBase.java:162)
	at java.base/java.util.AbstractList.add(AbstractList.java:113)
	at com.sun.javafx.collections.VetoableListDecorator.add(VetoableListDecorator.java:208)
	at com.example.pokerapp.view.MainView.populateMiddleHBox(MainView.java:78)
	at com.example.pokerapp.view.MainViewTest.testPopulateMiddleHBox(MainViewTest.java:49)
	at java.base/jdk.internal.reflect.DirectMethodHandleAccessor.invoke(DirectMethodHandleAccessor.java:103)
	at java.base/java.lang.reflect.Method.invoke(Method.java:580)
	at org.junit.platform.commons.util.ReflectionUtils.invokeMethod(ReflectionUtils.java:725)
	at org.junit.jupiter.engine.execution.MethodInvocation.proceed(MethodInvocation.java:60)
	at org.junit.jupiter.engine.execution.InvocationInterceptorChain$ValidatingInvocation.proceed(InvocationInterceptorChain.java:131)
	at org.junit.jupiter.engine.extension.TimeoutExtension.intercept(TimeoutExtension.java:149)
	at org.junit.jupiter.engine.extension.TimeoutExtension.interceptTestableMethod(TimeoutExtension.java:140)
	at org.junit.jupiter.engine.extension.TimeoutExtension.interceptTestMethod(TimeoutExtension.java:84)
	at org.junit.jupiter.engine.execution.ExecutableInvoker$ReflectiveInterceptorCall.lambda$ofVoidMethod$0(ExecutableInvoker.java:115)
	at org.junit.jupiter.engine.execution.ExecutableInvoker.lambda$invoke$0(ExecutableInvoker.java:105)
	at org.junit.jupiter.engine.execution.InvocationInterceptorChain$InterceptedInvocation.proceed(InvocationInterceptorChain.java:106)
	at org.junit.jupiter.engine.execution.InvocationInterceptorChain.proceed(InvocationInterceptorChain.java:64)
	at org.junit.jupiter.engine.execution.InvocationInterceptorChain.chainAndInvoke(InvocationInterceptorChain.java:45)
	at org.junit.jupiter.engine.execution.InvocationInterceptorChain.invoke(InvocationInterceptorChain.java:37)
	at org.junit.jupiter.engine.execution.ExecutableInvoker.invoke(ExecutableInvoker.java:104)
	at org.junit.jupiter.engine.execution.ExecutableInvoker.invoke(ExecutableInvoker.java:98)
	at org.junit.jupiter.engine.descriptor.TestMethodTestDescriptor.lambda$invokeTestMethod$7(TestMethodTestDescriptor.java:214)
	at org.junit.platform.engine.support.hierarchical.ThrowableCollector.execute(ThrowableCollector.java:73)
	at org.junit.jupiter.engine.descriptor.TestMethodTestDescriptor.invokeTestMethod(TestMethodTestDescriptor.java:210)
	at org.junit.jupiter.engine.descriptor.TestMethodTestDescriptor.execute(TestMethodTestDescriptor.java:135)
	at org.junit.jupiter.engine.descriptor.TestMethodTestDescriptor.execute(TestMethodTestDescriptor.java:66)
	at org.junit.platform.engine.support.hierarchical.NodeTestTask.lambda$executeRecursively$6(NodeTestTask.java:151)
	at org.junit.platform.engine.support.hierarchical.ThrowableCollector.execute(ThrowableCollector.java:73)
	at org.junit.platform.engine.support.hierarchical.NodeTestTask.lambda$executeRecursively$8(NodeTestTask.java:141)
	at org.junit.platform.engine.support.hierarchical.Node.around(Node.java:137)
	at org.junit.platform.engine.support.hierarchical.NodeTestTask.lambda$executeRecursively$9(NodeTestTask.java:139)
	at org.junit.platform.engine.support.hierarchical.ThrowableCollector.execute(ThrowableCollector.java:73)
	at org.junit.platform.engine.support.hierarchical.NodeTestTask.executeRecursively(NodeTestTask.java:138)
	at org.junit.platform.engine.support.hierarchical.NodeTestTask.execute(NodeTestTask.java:95)
	at java.base/java.util.ArrayList.forEach(ArrayList.java:1597)
	at org.junit.platform.engine.support.hierarchical.SameThreadHierarchicalTestExecutorService.invokeAll(SameThreadHierarchicalTestExecutorService.java:41)
	at org.junit.platform.engine.support.hierarchical.NodeTestTask.lambda$executeRecursively$6(NodeTestTask.java:155)
	at org.junit.platform.engine.support.hierarchical.ThrowableCollector.execute(ThrowableCollector.java:73)
	at org.junit.platform.engine.support.hierarchical.NodeTestTask.lambda$executeRecursively$8(NodeTestTask.java:141)
	at org.junit.platform.engine.support.hierarchical.Node.around(Node.java:137)
	at org.junit.platform.engine.support.hierarchical.NodeTestTask.lambda$executeRecursively$9(NodeTestTask.java:139)
	at org.junit.platform.engine.support.hierarchical.ThrowableCollector.execute(ThrowableCollector.java:73)
	at org.junit.platform.engine.support.hierarchical.NodeTestTask.executeRecursively(NodeTestTask.java:138)
	at org.junit.platform.engine.support.hierarchical.NodeTestTask.execute(NodeTestTask.java:95)
	at java.base/java.util.ArrayList.forEach(ArrayList.java:1597)
	at org.junit.platform.engine.support.hierarchical.SameThreadHierarchicalTestExecutorService.invokeAll(SameThreadHierarchicalTestExecutorService.java:41)
	at org.junit.platform.engine.support.hierarchical.NodeTestTask.lambda$executeRecursively$6(NodeTestTask.java:155)
	at org.junit.platform.engine.support.hierarchical.ThrowableCollector.execute(ThrowableCollector.java:73)
	at org.junit.platform.engine.support.hierarchical.NodeTestTask.lambda$executeRecursively$8(NodeTestTask.java:141)
	at org.junit.platform.engine.support.hierarchical.Node.around(Node.java:137)
	at org.junit.platform.engine.support.hierarchical.NodeTestTask.lambda$executeRecursively$9(NodeTestTask.java:139)
	at org.junit.platform.engine.support.hierarchical.ThrowableCollector.execute(ThrowableCollector.java:73)
	at org.junit.platform.engine.support.hierarchical.NodeTestTask.executeRecursively(NodeTestTask.java:138)
	at org.junit.platform.engine.support.hierarchical.NodeTestTask.execute(NodeTestTask.java:95)
	at org.junit.platform.engine.support.hierarchical.SameThreadHierarchicalTestExecutorService.submit(SameThreadHierarchicalTestExecutorService.java:35)
	at org.junit.platform.engine.support.hierarchical.HierarchicalTestExecutor.execute(HierarchicalTestExecutor.java:57)
	at org.junit.platform.engine.support.hierarchical.HierarchicalTestEngine.execute(HierarchicalTestEngine.java:54)
	at org.junit.platform.launcher.core.EngineExecutionOrchestrator.execute(EngineExecutionOrchestrator.java:107)
	at org.junit.platform.launcher.core.EngineExecutionOrchestrator.execute(EngineExecutionOrchestrator.java:88)
	at org.junit.platform.launcher.core.EngineExecutionOrchestrator.lambda$execute$0(EngineExecutionOrchestrator.java:54)
	at org.junit.platform.launcher.core.EngineExecutionOrchestrator.withInterceptedStreams(EngineExecutionOrchestrator.java:67)
	at org.junit.platform.launcher.core.EngineExecutionOrchestrator.execute(EngineExecutionOrchestrator.java:52)
	at org.junit.platform.launcher.core.DefaultLauncher.execute(DefaultLauncher.java:114)
	at org.junit.platform.launcher.core.DefaultLauncher.execute(DefaultLauncher.java:86)
	at org.junit.platform.launcher.core.DefaultLauncherSession$DelegatingLauncher.execute(DefaultLauncherSession.java:86)
	at org.junit.platform.launcher.core.SessionPerRequestLauncher.execute(SessionPerRequestLauncher.java:53)
	at org.apache.maven.surefire.junitplatform.JUnitPlatformProvider.execute(JUnitPlatformProvider.java:188)
	at org.apache.maven.surefire.junitplatform.JUnitPlatformProvider.invokeAllTests(JUnitPlatformProvider.java:154)
	at org.apache.maven.surefire.junitplatform.JUnitPlatformProvider.invoke(JUnitPlatformProvider.java:128)
	at org.apache.maven.surefire.booter.ForkedBooter.runSuitesInProcess(ForkedBooter.java:428)
	at org.apache.maven.surefire.booter.ForkedBooter.execute(ForkedBooter.java:162)
	at org.apache.maven.surefire.booter.ForkedBooter.run(ForkedBooter.java:562)
	at org.apache.maven.surefire.booter.ForkedBooter.main(ForkedBooter.java:548)
]]></system-err>
  </testcase>
</testsuite>